#-----------------------------------------------------------
# Vivado v2017.2 (64-bit)
# SW Build 1909853 on Thu Jun 15 18:39:09 MDT 2017
# IP Build 1909766 on Thu Jun 15 19:58:00 MDT 2017
# Start of session at: Wed Apr 17 12:58:51 2019
# Process ID: 12184
# Current directory: C:/Users/X4/Documents/GitHub/valjean-nnet/custom_ip/New folder/custom_ip_lab
# Command line: vivado.exe -gui_launcher_event rodinguilauncherevent9200 C:\Users\X4\Documents\GitHub\valjean-nnet\custom_ip\New folder\custom_ip_lab\custom_ip_lab.xpr
# Log file: C:/Users/X4/Documents/GitHub/valjean-nnet/custom_ip/New folder/custom_ip_lab/vivado.log
# Journal file: C:/Users/X4/Documents/GitHub/valjean-nnet/custom_ip/New folder/custom_ip_lab\vivado.jou
#-----------------------------------------------------------
start_gui
open_project {C:/Users/X4/Documents/GitHub/valjean-nnet/custom_ip/New folder/custom_ip_lab/custom_ip_lab.xpr}
INFO: [Project 1-313] Project file moved from 'C:/Users/cse/cs4601/custom_ip_lab' since last save.
Scanning sources...
Finished scanning sources
INFO: [IP_Flow 19-234] Refreshing IP repositories
INFO: [IP_Flow 19-1700] Loaded user IP repository 'c:/Users/X4/Documents/GitHub/valjean-nnet/custom_ip/New folder/ip_repo/customip_lab_1.0'.
INFO: [IP_Flow 19-2313] Loaded Vivado IP repository 'C:/Xilinx/Vivado/2017.2/data/ip'.
open_project: Time (s): cpu = 00:00:12 ; elapsed = 00:00:07 . Memory (MB): peak = 818.523 ; gain = 88.340
update_compile_order -fileset sources_1
open_bd_design {C:/Users/X4/Documents/GitHub/valjean-nnet/custom_ip/New folder/custom_ip_lab/custom_ip_lab.srcs/sources_1/bd/system/system.bd}
Adding cell -- xilinx.com:ip:processing_system7:5.5 - processing_system7_0
Adding cell -- xilinx.com:user:customip_lab:1.0 - customip_lab_0
Adding cell -- xilinx.com:ip:proc_sys_reset:5.0 - rst_ps7_0_100M
Adding cell -- xilinx.com:ip:axi_protocol_converter:2.1 - auto_pc
Successfully read diagram <system> from BD file <C:/Users/X4/Documents/GitHub/valjean-nnet/custom_ip/New folder/custom_ip_lab/custom_ip_lab.srcs/sources_1/bd/system/system.bd>
open_bd_design: Time (s): cpu = 00:00:07 ; elapsed = 00:00:09 . Memory (MB): peak = 898.328 ; gain = 70.852
update_ip_catalog -rebuild -scan_changes
INFO: [IP_Flow 19-234] Refreshing IP repositories
INFO: [IP_Flow 19-1700] Loaded user IP repository 'c:/Users/X4/Documents/GitHub/valjean-nnet/custom_ip/New folder/ip_repo/customip_lab_1.0'.
report_ip_status -name ip_status
upgrade_ip -vlnv xilinx.com:user:customip_lab:1.0 [get_ips  system_customip_lab_0_0] -log ip_upgrade.log
Upgrading 'C:/Users/X4/Documents/GitHub/valjean-nnet/custom_ip/New folder/custom_ip_lab/custom_ip_lab.srcs/sources_1/bd/system/system.bd'
INFO: [IP_Flow 19-3420] Updated system_customip_lab_0_0 to use current project options
WARNING: [IP_Flow 19-4697] Upgrade has added interface 's00_axi_aclk' (xilinx.com:signal:clock:1.0)
WARNING: [IP_Flow 19-4697] Upgrade has added interface 's00_axi_aresetn' (xilinx.com:signal:reset:1.0)
WARNING: [IP_Flow 19-3670] Detected external interface differences while upgrading 'system_customip_lab_0_0'.
CRITICAL WARNING: [Coretcl 2-1279] The upgrade of 'system_customip_lab_0_0' has identified issues that may require user intervention. Please review the upgrade log 'c:/Users/X4/Documents/GitHub/valjean-nnet/custom_ip/New folder/custom_ip_lab/ip_upgrade.log', and verify that the upgraded IP is correctly configured.
Wrote  : <C:/Users/X4/Documents/GitHub/valjean-nnet/custom_ip/New folder/custom_ip_lab/custom_ip_lab.srcs/sources_1/bd/system/system.bd> 
Wrote  : <C:/Users/X4/Documents/GitHub/valjean-nnet/custom_ip/New folder/custom_ip_lab/custom_ip_lab.srcs/sources_1/bd/system/ui/bd_c954508f.ui> 
INFO: [Coretcl 2-1525] Wrote upgrade log to 'C:/Users/X4/Documents/GitHub/valjean-nnet/custom_ip/New folder/custom_ip_lab/ip_upgrade.log'.
export_ip_user_files -of_objects [get_ips system_customip_lab_0_0] -no_script -sync -force -quiet
generate_target all [get_files  {{C:/Users/X4/Documents/GitHub/valjean-nnet/custom_ip/New folder/custom_ip_lab/custom_ip_lab.srcs/sources_1/bd/system/system.bd}}]
Wrote  : <C:/Users/X4/Documents/GitHub/valjean-nnet/custom_ip/New folder/custom_ip_lab/custom_ip_lab.srcs/sources_1/bd/system/system.bd> 
VHDL Output written to : C:/Users/X4/Documents/GitHub/valjean-nnet/custom_ip/New folder/custom_ip_lab/custom_ip_lab.srcs/sources_1/bd/system/hdl/system.vhd
VHDL Output written to : C:/Users/X4/Documents/GitHub/valjean-nnet/custom_ip/New folder/custom_ip_lab/custom_ip_lab.srcs/sources_1/bd/system/hdl/system_wrapper.vhd
INFO: [BD 41-1029] Generation completed for the IP Integrator block processing_system7_0 .
INFO: [BD 41-1029] Generation completed for the IP Integrator block customip_lab_0 .
INFO: [BD 41-1029] Generation completed for the IP Integrator block rst_ps7_0_100M .
WARNING: [IP_Flow 19-4994] Overwriting existing constraint file 'c:/Users/X4/Documents/GitHub/valjean-nnet/custom_ip/New folder/custom_ip_lab/custom_ip_lab.srcs/sources_1/bd/system/ip/system_auto_pc_0/system_auto_pc_0_ooc.xdc'
INFO: [BD 41-1029] Generation completed for the IP Integrator block ps7_0_axi_periph/s00_couplers/auto_pc .
Exporting to file C:/Users/X4/Documents/GitHub/valjean-nnet/custom_ip/New folder/custom_ip_lab/custom_ip_lab.srcs/sources_1/bd/system/hw_handoff/system.hwh
Generated Block Design Tcl file C:/Users/X4/Documents/GitHub/valjean-nnet/custom_ip/New folder/custom_ip_lab/custom_ip_lab.srcs/sources_1/bd/system/hw_handoff/system_bd.tcl
Generated Hardware Definition File C:/Users/X4/Documents/GitHub/valjean-nnet/custom_ip/New folder/custom_ip_lab/custom_ip_lab.srcs/sources_1/bd/system/hdl/system.hwdef
generate_target: Time (s): cpu = 00:00:05 ; elapsed = 00:00:05 . Memory (MB): peak = 988.766 ; gain = 41.938
catch { config_ip_cache -export [get_ips -all system_customip_lab_0_0] }
catch { config_ip_cache -export [get_ips -all system_auto_pc_0] }
INFO: [IP_Flow 19-4993] Using cached IP synthesis design for IP system_auto_pc_0, cache-ID = 7d88bb6ec6a33b6d; cache size = 2.138 MB.
export_ip_user_files -of_objects [get_files {{C:/Users/X4/Documents/GitHub/valjean-nnet/custom_ip/New folder/custom_ip_lab/custom_ip_lab.srcs/sources_1/bd/system/system.bd}}] -no_script -sync -force -quiet
create_ip_run [get_files -of_objects [get_fileset sources_1] {{C:/Users/X4/Documents/GitHub/valjean-nnet/custom_ip/New folder/custom_ip_lab/custom_ip_lab.srcs/sources_1/bd/system/system.bd}}]
launch_runs -jobs 4 system_customip_lab_0_0_synth_1
[Wed Apr 17 14:27:23 2019] Launched system_customip_lab_0_0_synth_1...
Run output will be captured here: C:/Users/X4/Documents/GitHub/valjean-nnet/custom_ip/New folder/custom_ip_lab/custom_ip_lab.runs/system_customip_lab_0_0_synth_1/runme.log
export_simulation -of_objects [get_files {{C:/Users/X4/Documents/GitHub/valjean-nnet/custom_ip/New folder/custom_ip_lab/custom_ip_lab.srcs/sources_1/bd/system/system.bd}}] -directory {C:/Users/X4/Documents/GitHub/valjean-nnet/custom_ip/New folder/custom_ip_lab/custom_ip_lab.ip_user_files/sim_scripts} -ip_user_files_dir {C:/Users/X4/Documents/GitHub/valjean-nnet/custom_ip/New folder/custom_ip_lab/custom_ip_lab.ip_user_files} -ipstatic_source_dir {C:/Users/X4/Documents/GitHub/valjean-nnet/custom_ip/New folder/custom_ip_lab/custom_ip_lab.ip_user_files/ipstatic} -lib_map_path [list {modelsim=C:/Users/X4/Documents/GitHub/valjean-nnet/custom_ip/New folder/custom_ip_lab/custom_ip_lab.cache/compile_simlib/modelsim} {questa=C:/Users/X4/Documents/GitHub/valjean-nnet/custom_ip/New folder/custom_ip_lab/custom_ip_lab.cache/compile_simlib/questa} {riviera=C:/Users/X4/Documents/GitHub/valjean-nnet/custom_ip/New folder/custom_ip_lab/custom_ip_lab.cache/compile_simlib/riviera} {activehdl=C:/Users/X4/Documents/GitHub/valjean-nnet/custom_ip/New folder/custom_ip_lab/custom_ip_lab.cache/compile_simlib/activehdl}] -use_ip_compiled_libs -force -quiet
report_ip_status -name ip_status 
reset_run synth_1
WARNING: [Vivado 12-1017] Problems encountered:
1. Failed to delete one or more files in run directory C:/Users/X4/Documents/GitHub/valjean-nnet/custom_ip/New folder/custom_ip_lab/custom_ip_lab.runs/synth_1

launch_runs impl_1 -to_step write_bitstream -jobs 4
[Wed Apr 17 14:27:58 2019] Launched system_customip_lab_0_0_synth_1, synth_1...
Run output will be captured here:
system_customip_lab_0_0_synth_1: C:/Users/X4/Documents/GitHub/valjean-nnet/custom_ip/New folder/custom_ip_lab/custom_ip_lab.runs/system_customip_lab_0_0_synth_1/runme.log
synth_1: C:/Users/X4/Documents/GitHub/valjean-nnet/custom_ip/New folder/custom_ip_lab/custom_ip_lab.runs/synth_1/runme.log
[Wed Apr 17 14:27:58 2019] Launched impl_1...
Run output will be captured here: C:/Users/X4/Documents/GitHub/valjean-nnet/custom_ip/New folder/custom_ip_lab/custom_ip_lab.runs/impl_1/runme.log
exit
INFO: [Common 17-206] Exiting Vivado at Mon Apr 22 09:47:55 2019...
