#-----------------------------------------------------------
# Vivado v2017.2 (64-bit)
# SW Build 1909853 on Thu Jun 15 18:39:09 MDT 2017
# IP Build 1909766 on Thu Jun 15 19:58:00 MDT 2017
# Start of session at: Wed Apr 24 19:40:26 2019
# Process ID: 14612
# Current directory: C:/Users/X4/Documents/GitHub/valjean-nnet/custom_ip/New folder/custom_ip_lab
# Command line: vivado.exe -gui_launcher_event rodinguilauncherevent14572 C:\Users\X4\Documents\GitHub\valjean-nnet\custom_ip\New folder\custom_ip_lab\custom_ip_lab.xpr
# Log file: C:/Users/X4/Documents/GitHub/valjean-nnet/custom_ip/New folder/custom_ip_lab/vivado.log
# Journal file: C:/Users/X4/Documents/GitHub/valjean-nnet/custom_ip/New folder/custom_ip_lab\vivado.jou
#-----------------------------------------------------------
start_gui
open_project {C:/Users/X4/Documents/GitHub/valjean-nnet/custom_ip/New folder/custom_ip_lab/custom_ip_lab.xpr}
Scanning sources...
Finished scanning sources
INFO: [IP_Flow 19-234] Refreshing IP repositories
INFO: [IP_Flow 19-1700] Loaded user IP repository 'c:/Users/X4/Documents/GitHub/valjean-nnet/custom_ip/New folder/ip_repo/customip_lab_1.0'.
INFO: [IP_Flow 19-2313] Loaded Vivado IP repository 'C:/Xilinx/Vivado/2017.2/data/ip'.
open_project: Time (s): cpu = 00:00:15 ; elapsed = 00:00:11 . Memory (MB): peak = 767.438 ; gain = 64.012
update_compile_order -fileset sources_1
open_bd_design {C:/Users/X4/Documents/GitHub/valjean-nnet/custom_ip/New folder/custom_ip_lab/custom_ip_lab.srcs/sources_1/bd/system/system.bd}
Adding cell -- xilinx.com:ip:processing_system7:5.5 - processing_system7_0
Adding cell -- xilinx.com:ip:proc_sys_reset:5.0 - rst_ps7_0_100M
Adding cell -- xilinx.com:user:customip_lab:1.0 - customip_lab_0
Adding cell -- xilinx.com:ip:axi_protocol_converter:2.1 - auto_pc
Successfully read diagram <system> from BD file <C:/Users/X4/Documents/GitHub/valjean-nnet/custom_ip/New folder/custom_ip_lab/custom_ip_lab.srcs/sources_1/bd/system/system.bd>
open_bd_design: Time (s): cpu = 00:00:07 ; elapsed = 00:00:09 . Memory (MB): peak = 860.723 ; gain = 70.113
