Vivado Simulator 2017.2
Copyright 1986-1999, 2001-2016 Xilinx, Inc. All Rights Reserved.
Running: C:/Xilinx/Vivado/2017.2/bin/unwrapped/win64.o/xelab.exe -wto f0e208fec59240c3bfacd3b1eddcfe83 --debug typical --relax --mt 2 -L xil_defaultlib -L secureip --snapshot axi_tb_behav xil_defaultlib.axi_tb -log elaborate.log 
Using 2 slave threads.
Starting static elaboration
Completed static elaboration
Starting simulation data flow analysis
Completed simulation data flow analysis
Time Resolution for simulation is 1ps
Compiling package std.standard
Compiling package std.textio
Compiling package ieee.std_logic_1164
Compiling package ieee.numeric_std
Compiling package ieee.std_logic_arith
Compiling package ieee.std_logic_unsigned
Compiling architecture arch_imp of entity xil_defaultlib.customip_lab_v1_0_S00_AXI [customip_lab_v1_0_s00_axi_defaul...]
Compiling architecture behavioral of entity xil_defaultlib.xnor_sum [\xnor_sum(bit_width=16)\]
Compiling architecture behavioral of entity xil_defaultlib.accumulator [accumulator_default]
Compiling architecture behavioral of entity xil_defaultlib.vecmult [vecmult_default]
Compiling architecture syn of entity xil_defaultlib.IO_RAM [io_ram_default]
Compiling architecture syn of entity xil_defaultlib.output_RAM [output_ram_default]
Compiling architecture syn of entity xil_defaultlib.weight_RAM [weight_ram_default]
Compiling architecture behavioral of entity xil_defaultlib.binarised_buffer [binarised_buffer_default]
Compiling architecture behavioral of entity xil_defaultlib.counter [\counter(count_limit=54)\]
Compiling architecture behavioral of entity xil_defaultlib.counter [\counter(count_limit=1653)\]
Compiling architecture behavioral of entity xil_defaultlib.counter [\counter(count_limit=9)\]
Compiling architecture behavioral of entity xil_defaultlib.counter [\counter(count_limit=15)\]
Compiling architecture behavioral of entity xil_defaultlib.control [control_default]
Compiling architecture arch_imp of entity xil_defaultlib.customip_lab_v1_0 [customip_lab_v1_0_default]
Compiling architecture behavioral of entity xil_defaultlib.axi_tb
Built simulation snapshot axi_tb_behav
