#-----------------------------------------------------------
# Vivado v2017.2 (64-bit)
# SW Build 1909853 on Thu Jun 15 18:39:09 MDT 2017
# IP Build 1909766 on Thu Jun 15 19:58:00 MDT 2017
# Start of session at: Wed Apr 24 19:53:47 2019
# Process ID: 13356
# Current directory: C:/Users/X4/Documents/GitHub/valjean-nnet/custom_ip/New folder/custom_ip_lab/custom_ip_lab/customip_lab_v1_0_project
# Command line: vivado.exe -gui_launcher_event rodinguilauncherevent19236 C:\Users\X4\Documents\GitHub\valjean-nnet\custom_ip\New folder\custom_ip_lab\custom_ip_lab\customip_lab_v1_0_project\customip_lab_v1_0_project.xpr
# Log file: C:/Users/X4/Documents/GitHub/valjean-nnet/custom_ip/New folder/custom_ip_lab/custom_ip_lab/customip_lab_v1_0_project/vivado.log
# Journal file: C:/Users/X4/Documents/GitHub/valjean-nnet/custom_ip/New folder/custom_ip_lab/custom_ip_lab/customip_lab_v1_0_project\vivado.jou
#-----------------------------------------------------------
start_gui
open_project {C:/Users/X4/Documents/GitHub/valjean-nnet/custom_ip/New folder/custom_ip_lab/custom_ip_lab/customip_lab_v1_0_project/customip_lab_v1_0_project.xpr}
INFO: [ProjectBase 1-489] The host OS only allows 260 characters in a normal path. The project is stored in a path with more than 80 characters. If you experience issues with IP, Block Designs, or files not being found, please consider moving the project to a location with a shorter path. Alternately consider using the OS subst command to map part of the path to a drive letter.
Current project path is 'C:/Users/X4/Documents/GitHub/valjean-nnet/custom_ip/New folder/custom_ip_lab/custom_ip_lab/customip_lab_v1_0_project'
Scanning sources...
Finished scanning sources
INFO: [IP_Flow 19-234] Refreshing IP repositories
INFO: [IP_Flow 19-1700] Loaded user IP repository 'c:/Users/X4/Documents/GitHub/valjean-nnet/custom_ip/New folder/ip_repo/customip_lab_1.0'.
INFO: [IP_Flow 19-2313] Loaded Vivado IP repository 'C:/Xilinx/Vivado/2017.2/data/ip'.
add_files -norecurse -scan_for_includes {{C:/Users/X4/Documents/GitHub/valjean-nnet/custom_ip/New folder/custom_ip_lab/custom_ip_lab/customip_lab_v1_0_project/customip_lab_v1_0_project.srcs/sources_1/new/IO_RAM.vhd} {C:/Users/X4/Documents/GitHub/valjean-nnet/custom_ip/New folder/custom_ip_lab/custom_ip_lab/customip_lab_v1_0_project/customip_lab_v1_0_project.srcs/sources_1/new/binarised_buffer.vhd} {C:/Users/X4/Documents/GitHub/valjean-nnet/custom_ip/New folder/custom_ip_lab/custom_ip_lab/customip_lab_v1_0_project/customip_lab_v1_0_project.srcs/sources_1/new/rams_dist.vhd} {C:/Users/X4/Documents/GitHub/valjean-nnet/custom_ip/New folder/custom_ip_lab/custom_ip_lab/customip_lab_v1_0_project/customip_lab_v1_0_project.srcs/sources_1/new/Output_Store.vhd}}
import_files -norecurse {{C:/Users/X4/Documents/GitHub/valjean-nnet/custom_ip/New folder/custom_ip_lab/custom_ip_lab/customip_lab_v1_0_project/customip_lab_v1_0_project.srcs/sources_1/new/IO_RAM.vhd} {C:/Users/X4/Documents/GitHub/valjean-nnet/custom_ip/New folder/custom_ip_lab/custom_ip_lab/customip_lab_v1_0_project/customip_lab_v1_0_project.srcs/sources_1/new/binarised_buffer.vhd} {C:/Users/X4/Documents/GitHub/valjean-nnet/custom_ip/New folder/custom_ip_lab/custom_ip_lab/customip_lab_v1_0_project/customip_lab_v1_0_project.srcs/sources_1/new/rams_dist.vhd} {C:/Users/X4/Documents/GitHub/valjean-nnet/custom_ip/New folder/custom_ip_lab/custom_ip_lab/customip_lab_v1_0_project/customip_lab_v1_0_project.srcs/sources_1/new/Output_Store.vhd}}
remove_files  {{C:/Users/X4/Documents/GitHub/valjean-nnet/custom_ip/New folder/ip_repo/customip_lab_1.0/hdl/fifo/hdl/fifo_wrapper.vhd} {C:/Users/X4/Documents/GitHub/valjean-nnet/custom_ip/New folder/ip_repo/customip_lab_1.0/hdl/fifo/fifo.bd}}
file delete -force {C:/Users/X4/Documents/GitHub/valjean-nnet/custom_ip/New folder/custom_ip_lab/custom_ip_lab/customip_lab_v1_0_project/customip_lab_v1_0_project.ip_user_files/bd/fifo}
add_files -norecurse -scan_for_includes {{C:/Users/X4/Documents/GitHub/valjean-nnet/custom_ip/New folder/custom_ip_lab/custom_ip_lab/customip_lab_v1_0_project/customip_lab_v1_0_project.srcs/sources_1/new/axi_tb.vhdl}}
import_files -norecurse {{C:/Users/X4/Documents/GitHub/valjean-nnet/custom_ip/New folder/custom_ip_lab/custom_ip_lab/customip_lab_v1_0_project/customip_lab_v1_0_project.srcs/sources_1/new/axi_tb.vhdl}}
remove_files  {{C:/Users/X4/Documents/GitHub/valjean-nnet/custom_ip/New folder/custom_ip_lab/custom_ip_lab/customip_lab_v1_0_project/customip_lab_v1_0_project.srcs/sources_1/imports/new/axi_tb.vhdl}}
set_property SOURCE_SET sources_1 [get_filesets sim_1]
add_files -fileset sim_1 -norecurse -scan_for_includes {{C:/Users/X4/Documents/GitHub/valjean-nnet/custom_ip/New folder/custom_ip_lab/custom_ip_lab/customip_lab_v1_0_project/customip_lab_v1_0_project.srcs/sources_1/new/axi_tb.vhdl}}
import_files -fileset sim_1 -norecurse {{C:/Users/X4/Documents/GitHub/valjean-nnet/custom_ip/New folder/custom_ip_lab/custom_ip_lab/customip_lab_v1_0_project/customip_lab_v1_0_project.srcs/sources_1/new/axi_tb.vhdl}}
close [ open {C:/Users/X4/Documents/GitHub/valjean-nnet/custom_ip/New folder/custom_ip_lab/custom_ip_lab/customip_lab_v1_0_project/customip_lab_v1_0_project.srcs/sources_1/new/control.vhd} w ]
add_files {{C:/Users/X4/Documents/GitHub/valjean-nnet/custom_ip/New folder/custom_ip_lab/custom_ip_lab/customip_lab_v1_0_project/customip_lab_v1_0_project.srcs/sources_1/new/control.vhd}}
reset_run synth_1
launch_runs synth_1 -jobs 4
[Wed Apr 24 20:54:09 2019] Launched synth_1...
Run output will be captured here: C:/Users/X4/Documents/GitHub/valjean-nnet/custom_ip/New folder/custom_ip_lab/custom_ip_lab/customip_lab_v1_0_project/customip_lab_v1_0_project.runs/synth_1/runme.log
reset_run synth_1
launch_runs synth_1 -jobs 4
[Wed Apr 24 20:55:18 2019] Launched synth_1...
Run output will be captured here: C:/Users/X4/Documents/GitHub/valjean-nnet/custom_ip/New folder/custom_ip_lab/custom_ip_lab/customip_lab_v1_0_project/customip_lab_v1_0_project.runs/synth_1/runme.log
reset_run synth_1
launch_runs synth_1 -jobs 4
[Wed Apr 24 20:56:28 2019] Launched synth_1...
Run output will be captured here: C:/Users/X4/Documents/GitHub/valjean-nnet/custom_ip/New folder/custom_ip_lab/custom_ip_lab/customip_lab_v1_0_project/customip_lab_v1_0_project.runs/synth_1/runme.log
reset_run synth_1
launch_runs synth_1 -jobs 4
[Wed Apr 24 20:57:14 2019] Launched synth_1...
Run output will be captured here: C:/Users/X4/Documents/GitHub/valjean-nnet/custom_ip/New folder/custom_ip_lab/custom_ip_lab/customip_lab_v1_0_project/customip_lab_v1_0_project.runs/synth_1/runme.log
close [ open {C:/Users/X4/Documents/GitHub/valjean-nnet/custom_ip/New folder/custom_ip_lab/custom_ip_lab/customip_lab_v1_0_project/customip_lab_v1_0_project.srcs/sources_1/new/counter.vhd} w ]
add_files {{C:/Users/X4/Documents/GitHub/valjean-nnet/custom_ip/New folder/custom_ip_lab/custom_ip_lab/customip_lab_v1_0_project/customip_lab_v1_0_project.srcs/sources_1/new/counter.vhd}}
