
*** Running vivado
    with args -log system_customip_lab_0_0.vds -m64 -product Vivado -mode batch -messageDb vivado.pb -notrace -source system_customip_lab_0_0.tcl


****** Vivado v2017.2 (64-bit)
  **** SW Build 1909853 on Thu Jun 15 18:39:09 MDT 2017
  **** IP Build 1909766 on Thu Jun 15 19:58:00 MDT 2017
    ** Copyright 1986-2017 Xilinx, Inc. All Rights Reserved.

source system_customip_lab_0_0.tcl -notrace
Command: synth_design -top system_customip_lab_0_0 -part xc7z020clg484-1 -mode out_of_context
Starting synth_design
Attempting to get a license for feature 'Synthesis' and/or device 'xc7z020-clg484'
INFO: [Common 17-349] Got license for feature 'Synthesis' and/or device 'xc7z020-clg484'
INFO: Launching helper process for spawning children vivado processes
INFO: Helper process launched with PID 18664 
---------------------------------------------------------------------------------
Starting RTL Elaboration : Time (s): cpu = 00:00:05 ; elapsed = 00:00:05 . Memory (MB): peak = 325.445 ; gain = 81.691
---------------------------------------------------------------------------------
INFO: [Synth 8-638] synthesizing module 'system_customip_lab_0_0' [c:/Users/X4/Documents/GitHub/valjean-nnet/custom_ip/New folder/custom_ip_lab/custom_ip_lab.srcs/sources_1/bd/system/ip/system_customip_lab_0_0/synth/system_customip_lab_0_0.vhd:82]
	Parameter C_S00_AXI_DATA_WIDTH bound to: 32 - type: integer 
	Parameter C_S00_AXI_ADDR_WIDTH bound to: 4 - type: integer 
INFO: [Synth 8-3491] module 'customip_lab_v1_0' declared at 'c:/Users/X4/Documents/GitHub/valjean-nnet/custom_ip/New folder/custom_ip_lab/custom_ip_lab.srcs/sources_1/bd/system/ipshared/5480/hdl/customip_lab_v1_0.vhd:5' bound to instance 'U0' of component 'customip_lab_v1_0' [c:/Users/X4/Documents/GitHub/valjean-nnet/custom_ip/New folder/custom_ip_lab/custom_ip_lab.srcs/sources_1/bd/system/ip/system_customip_lab_0_0/synth/system_customip_lab_0_0.vhd:143]
INFO: [Synth 8-638] synthesizing module 'customip_lab_v1_0' [c:/Users/X4/Documents/GitHub/valjean-nnet/custom_ip/New folder/custom_ip_lab/custom_ip_lab.srcs/sources_1/bd/system/ipshared/5480/hdl/customip_lab_v1_0.vhd:49]
	Parameter C_S00_AXI_DATA_WIDTH bound to: 32 - type: integer 
	Parameter C_S00_AXI_ADDR_WIDTH bound to: 4 - type: integer 
	Parameter C_S_AXI_DATA_WIDTH bound to: 32 - type: integer 
	Parameter C_S_AXI_ADDR_WIDTH bound to: 4 - type: integer 
INFO: [Synth 8-3491] module 'customip_lab_v1_0_S00_AXI' declared at 'c:/Users/X4/Documents/GitHub/valjean-nnet/custom_ip/New folder/custom_ip_lab/custom_ip_lab.srcs/sources_1/bd/system/ipshared/5480/hdl/customip_lab_v1_0_S00_AXI.vhd:5' bound to instance 'customip_lab_v1_0_S00_AXI_inst' of component 'customip_lab_v1_0_S00_AXI' [c:/Users/X4/Documents/GitHub/valjean-nnet/custom_ip/New folder/custom_ip_lab/custom_ip_lab.srcs/sources_1/bd/system/ipshared/5480/hdl/customip_lab_v1_0.vhd:120]
INFO: [Synth 8-638] synthesizing module 'customip_lab_v1_0_S00_AXI' [c:/Users/X4/Documents/GitHub/valjean-nnet/custom_ip/New folder/custom_ip_lab/custom_ip_lab.srcs/sources_1/bd/system/ipshared/5480/hdl/customip_lab_v1_0_S00_AXI.vhd:96]
	Parameter C_S_AXI_DATA_WIDTH bound to: 32 - type: integer 
	Parameter C_S_AXI_ADDR_WIDTH bound to: 4 - type: integer 
INFO: [Synth 8-226] default block is never used [c:/Users/X4/Documents/GitHub/valjean-nnet/custom_ip/New folder/custom_ip_lab/custom_ip_lab.srcs/sources_1/bd/system/ipshared/5480/hdl/customip_lab_v1_0_S00_AXI.vhd:233]
INFO: [Synth 8-226] default block is never used [c:/Users/X4/Documents/GitHub/valjean-nnet/custom_ip/New folder/custom_ip_lab/custom_ip_lab.srcs/sources_1/bd/system/ipshared/5480/hdl/customip_lab_v1_0_S00_AXI.vhd:368]
WARNING: [Synth 8-6014] Unused sequential element loc_addr_reg was removed.  [c:/Users/X4/Documents/GitHub/valjean-nnet/custom_ip/New folder/custom_ip_lab/custom_ip_lab.srcs/sources_1/bd/system/ipshared/5480/hdl/customip_lab_v1_0_S00_AXI.vhd:231]
WARNING: [Synth 8-6014] Unused sequential element loc_addr_reg was removed.  [c:/Users/X4/Documents/GitHub/valjean-nnet/custom_ip/New folder/custom_ip_lab/custom_ip_lab.srcs/sources_1/bd/system/ipshared/5480/hdl/customip_lab_v1_0_S00_AXI.vhd:367]
INFO: [Synth 8-256] done synthesizing module 'customip_lab_v1_0_S00_AXI' (1#1) [c:/Users/X4/Documents/GitHub/valjean-nnet/custom_ip/New folder/custom_ip_lab/custom_ip_lab.srcs/sources_1/bd/system/ipshared/5480/hdl/customip_lab_v1_0_S00_AXI.vhd:96]
	Parameter bit_width bound to: 32 - type: integer 
INFO: [Synth 8-3491] module 'vecmult' declared at 'c:/Users/X4/Documents/GitHub/valjean-nnet/custom_ip/New folder/custom_ip_lab/custom_ip_lab.srcs/sources_1/bd/system/custom_ip_lab/custom_ip_lab/customip_lab_v1_0_project/customip_lab_v1_0_project.srcs/sources_1/new/vecmult.vhd:34' bound to instance 'vecmult_inst' of component 'vecmult' [c:/Users/X4/Documents/GitHub/valjean-nnet/custom_ip/New folder/custom_ip_lab/custom_ip_lab.srcs/sources_1/bd/system/ipshared/5480/hdl/customip_lab_v1_0.vhd:158]
INFO: [Synth 8-638] synthesizing module 'vecmult' [c:/Users/X4/Documents/GitHub/valjean-nnet/custom_ip/New folder/custom_ip_lab/custom_ip_lab.srcs/sources_1/bd/system/custom_ip_lab/custom_ip_lab/customip_lab_v1_0_project/customip_lab_v1_0_project.srcs/sources_1/new/vecmult.vhd:46]
	Parameter bit_width bound to: 32 - type: integer 
	Parameter bit_width bound to: 32 - type: integer 
INFO: [Synth 8-3491] module 'xnor_sum' declared at 'c:/Users/X4/Documents/GitHub/valjean-nnet/custom_ip/New folder/custom_ip_lab/custom_ip_lab.srcs/sources_1/bd/system/ipshared/5480/hdl/xnor_sum.vhd:34' bound to instance 'xnor_sum_inst' of component 'xnor_sum' [c:/Users/X4/Documents/GitHub/valjean-nnet/custom_ip/New folder/custom_ip_lab/custom_ip_lab.srcs/sources_1/bd/system/custom_ip_lab/custom_ip_lab/customip_lab_v1_0_project/customip_lab_v1_0_project.srcs/sources_1/new/vecmult.vhd:71]
INFO: [Synth 8-638] synthesizing module 'xnor_sum' [c:/Users/X4/Documents/GitHub/valjean-nnet/custom_ip/New folder/custom_ip_lab/custom_ip_lab.srcs/sources_1/bd/system/ipshared/5480/hdl/xnor_sum.vhd:44]
	Parameter bit_width bound to: 32 - type: integer 
WARNING: [Synth 8-6014] Unused sequential element count_reg was removed.  [c:/Users/X4/Documents/GitHub/valjean-nnet/custom_ip/New folder/custom_ip_lab/custom_ip_lab.srcs/sources_1/bd/system/ipshared/5480/hdl/xnor_sum.vhd:54]
INFO: [Synth 8-256] done synthesizing module 'xnor_sum' (2#1) [c:/Users/X4/Documents/GitHub/valjean-nnet/custom_ip/New folder/custom_ip_lab/custom_ip_lab.srcs/sources_1/bd/system/ipshared/5480/hdl/xnor_sum.vhd:44]
INFO: [Synth 8-3491] module 'accumulator' declared at 'c:/Users/X4/Documents/GitHub/valjean-nnet/custom_ip/New folder/custom_ip_lab/custom_ip_lab.srcs/sources_1/bd/system/ipshared/5480/hdl/accumulator.vhd:34' bound to instance 'acc_inst' of component 'accumulator' [c:/Users/X4/Documents/GitHub/valjean-nnet/custom_ip/New folder/custom_ip_lab/custom_ip_lab.srcs/sources_1/bd/system/custom_ip_lab/custom_ip_lab/customip_lab_v1_0_project/customip_lab_v1_0_project.srcs/sources_1/new/vecmult.vhd:75]
INFO: [Synth 8-638] synthesizing module 'accumulator' [c:/Users/X4/Documents/GitHub/valjean-nnet/custom_ip/New folder/custom_ip_lab/custom_ip_lab.srcs/sources_1/bd/system/ipshared/5480/hdl/accumulator.vhd:42]
INFO: [Synth 8-256] done synthesizing module 'accumulator' (3#1) [c:/Users/X4/Documents/GitHub/valjean-nnet/custom_ip/New folder/custom_ip_lab/custom_ip_lab.srcs/sources_1/bd/system/ipshared/5480/hdl/accumulator.vhd:42]
INFO: [Synth 8-256] done synthesizing module 'vecmult' (4#1) [c:/Users/X4/Documents/GitHub/valjean-nnet/custom_ip/New folder/custom_ip_lab/custom_ip_lab.srcs/sources_1/bd/system/custom_ip_lab/custom_ip_lab/customip_lab_v1_0_project/customip_lab_v1_0_project.srcs/sources_1/new/vecmult.vhd:46]
WARNING: [Synth 8-3848] Net datain0 in module/entity customip_lab_v1_0 does not have driver. [c:/Users/X4/Documents/GitHub/valjean-nnet/custom_ip/New folder/custom_ip_lab/custom_ip_lab.srcs/sources_1/bd/system/ipshared/5480/hdl/customip_lab_v1_0.vhd:114]
WARNING: [Synth 8-3848] Net datain1 in module/entity customip_lab_v1_0 does not have driver. [c:/Users/X4/Documents/GitHub/valjean-nnet/custom_ip/New folder/custom_ip_lab/custom_ip_lab.srcs/sources_1/bd/system/ipshared/5480/hdl/customip_lab_v1_0.vhd:114]
WARNING: [Synth 8-3848] Net datain2 in module/entity customip_lab_v1_0 does not have driver. [c:/Users/X4/Documents/GitHub/valjean-nnet/custom_ip/New folder/custom_ip_lab/custom_ip_lab.srcs/sources_1/bd/system/ipshared/5480/hdl/customip_lab_v1_0.vhd:114]
WARNING: [Synth 8-3848] Net datain3 in module/entity customip_lab_v1_0 does not have driver. [c:/Users/X4/Documents/GitHub/valjean-nnet/custom_ip/New folder/custom_ip_lab/custom_ip_lab.srcs/sources_1/bd/system/ipshared/5480/hdl/customip_lab_v1_0.vhd:114]
INFO: [Synth 8-256] done synthesizing module 'customip_lab_v1_0' (5#1) [c:/Users/X4/Documents/GitHub/valjean-nnet/custom_ip/New folder/custom_ip_lab/custom_ip_lab.srcs/sources_1/bd/system/ipshared/5480/hdl/customip_lab_v1_0.vhd:49]
INFO: [Synth 8-256] done synthesizing module 'system_customip_lab_0_0' (6#1) [c:/Users/X4/Documents/GitHub/valjean-nnet/custom_ip/New folder/custom_ip_lab/custom_ip_lab.srcs/sources_1/bd/system/ip/system_customip_lab_0_0/synth/system_customip_lab_0_0.vhd:82]
WARNING: [Synth 8-3331] design customip_lab_v1_0_S00_AXI has unconnected port S_AXI_AWPROT[2]
WARNING: [Synth 8-3331] design customip_lab_v1_0_S00_AXI has unconnected port S_AXI_AWPROT[1]
WARNING: [Synth 8-3331] design customip_lab_v1_0_S00_AXI has unconnected port S_AXI_AWPROT[0]
WARNING: [Synth 8-3331] design customip_lab_v1_0_S00_AXI has unconnected port S_AXI_ARPROT[2]
WARNING: [Synth 8-3331] design customip_lab_v1_0_S00_AXI has unconnected port S_AXI_ARPROT[1]
WARNING: [Synth 8-3331] design customip_lab_v1_0_S00_AXI has unconnected port S_AXI_ARPROT[0]
---------------------------------------------------------------------------------
Finished RTL Elaboration : Time (s): cpu = 00:00:10 ; elapsed = 00:00:11 . Memory (MB): peak = 445.496 ; gain = 201.742
---------------------------------------------------------------------------------

Report Check Netlist: 
+------+------------------+-------+---------+-------+------------------+
|      |Item              |Errors |Warnings |Status |Description       |
+------+------------------+-------+---------+-------+------------------+
|1     |multi_driven_nets |      0|        0|Passed |Multi driven nets |
+------+------------------+-------+---------+-------+------------------+
WARNING: [Synth 8-3295] tying undriven pin customip_lab_v1_0_S00_AXI_inst:datain0[31] to constant 0 [c:/Users/X4/Documents/GitHub/valjean-nnet/custom_ip/New folder/custom_ip_lab/custom_ip_lab.srcs/sources_1/bd/system/ipshared/5480/hdl/customip_lab_v1_0.vhd:120]
WARNING: [Synth 8-3295] tying undriven pin customip_lab_v1_0_S00_AXI_inst:datain0[30] to constant 0 [c:/Users/X4/Documents/GitHub/valjean-nnet/custom_ip/New folder/custom_ip_lab/custom_ip_lab.srcs/sources_1/bd/system/ipshared/5480/hdl/customip_lab_v1_0.vhd:120]
WARNING: [Synth 8-3295] tying undriven pin customip_lab_v1_0_S00_AXI_inst:datain0[29] to constant 0 [c:/Users/X4/Documents/GitHub/valjean-nnet/custom_ip/New folder/custom_ip_lab/custom_ip_lab.srcs/sources_1/bd/system/ipshared/5480/hdl/customip_lab_v1_0.vhd:120]
WARNING: [Synth 8-3295] tying undriven pin customip_lab_v1_0_S00_AXI_inst:datain0[28] to constant 0 [c:/Users/X4/Documents/GitHub/valjean-nnet/custom_ip/New folder/custom_ip_lab/custom_ip_lab.srcs/sources_1/bd/system/ipshared/5480/hdl/customip_lab_v1_0.vhd:120]
WARNING: [Synth 8-3295] tying undriven pin customip_lab_v1_0_S00_AXI_inst:datain0[27] to constant 0 [c:/Users/X4/Documents/GitHub/valjean-nnet/custom_ip/New folder/custom_ip_lab/custom_ip_lab.srcs/sources_1/bd/system/ipshared/5480/hdl/customip_lab_v1_0.vhd:120]
WARNING: [Synth 8-3295] tying undriven pin customip_lab_v1_0_S00_AXI_inst:datain0[26] to constant 0 [c:/Users/X4/Documents/GitHub/valjean-nnet/custom_ip/New folder/custom_ip_lab/custom_ip_lab.srcs/sources_1/bd/system/ipshared/5480/hdl/customip_lab_v1_0.vhd:120]
WARNING: [Synth 8-3295] tying undriven pin customip_lab_v1_0_S00_AXI_inst:datain0[25] to constant 0 [c:/Users/X4/Documents/GitHub/valjean-nnet/custom_ip/New folder/custom_ip_lab/custom_ip_lab.srcs/sources_1/bd/system/ipshared/5480/hdl/customip_lab_v1_0.vhd:120]
WARNING: [Synth 8-3295] tying undriven pin customip_lab_v1_0_S00_AXI_inst:datain0[24] to constant 0 [c:/Users/X4/Documents/GitHub/valjean-nnet/custom_ip/New folder/custom_ip_lab/custom_ip_lab.srcs/sources_1/bd/system/ipshared/5480/hdl/customip_lab_v1_0.vhd:120]
WARNING: [Synth 8-3295] tying undriven pin customip_lab_v1_0_S00_AXI_inst:datain0[23] to constant 0 [c:/Users/X4/Documents/GitHub/valjean-nnet/custom_ip/New folder/custom_ip_lab/custom_ip_lab.srcs/sources_1/bd/system/ipshared/5480/hdl/customip_lab_v1_0.vhd:120]
WARNING: [Synth 8-3295] tying undriven pin customip_lab_v1_0_S00_AXI_inst:datain0[22] to constant 0 [c:/Users/X4/Documents/GitHub/valjean-nnet/custom_ip/New folder/custom_ip_lab/custom_ip_lab.srcs/sources_1/bd/system/ipshared/5480/hdl/customip_lab_v1_0.vhd:120]
WARNING: [Synth 8-3295] tying undriven pin customip_lab_v1_0_S00_AXI_inst:datain0[21] to constant 0 [c:/Users/X4/Documents/GitHub/valjean-nnet/custom_ip/New folder/custom_ip_lab/custom_ip_lab.srcs/sources_1/bd/system/ipshared/5480/hdl/customip_lab_v1_0.vhd:120]
WARNING: [Synth 8-3295] tying undriven pin customip_lab_v1_0_S00_AXI_inst:datain0[20] to constant 0 [c:/Users/X4/Documents/GitHub/valjean-nnet/custom_ip/New folder/custom_ip_lab/custom_ip_lab.srcs/sources_1/bd/system/ipshared/5480/hdl/customip_lab_v1_0.vhd:120]
WARNING: [Synth 8-3295] tying undriven pin customip_lab_v1_0_S00_AXI_inst:datain0[19] to constant 0 [c:/Users/X4/Documents/GitHub/valjean-nnet/custom_ip/New folder/custom_ip_lab/custom_ip_lab.srcs/sources_1/bd/system/ipshared/5480/hdl/customip_lab_v1_0.vhd:120]
WARNING: [Synth 8-3295] tying undriven pin customip_lab_v1_0_S00_AXI_inst:datain0[18] to constant 0 [c:/Users/X4/Documents/GitHub/valjean-nnet/custom_ip/New folder/custom_ip_lab/custom_ip_lab.srcs/sources_1/bd/system/ipshared/5480/hdl/customip_lab_v1_0.vhd:120]
WARNING: [Synth 8-3295] tying undriven pin customip_lab_v1_0_S00_AXI_inst:datain0[17] to constant 0 [c:/Users/X4/Documents/GitHub/valjean-nnet/custom_ip/New folder/custom_ip_lab/custom_ip_lab.srcs/sources_1/bd/system/ipshared/5480/hdl/customip_lab_v1_0.vhd:120]
WARNING: [Synth 8-3295] tying undriven pin customip_lab_v1_0_S00_AXI_inst:datain0[16] to constant 0 [c:/Users/X4/Documents/GitHub/valjean-nnet/custom_ip/New folder/custom_ip_lab/custom_ip_lab.srcs/sources_1/bd/system/ipshared/5480/hdl/customip_lab_v1_0.vhd:120]
WARNING: [Synth 8-3295] tying undriven pin customip_lab_v1_0_S00_AXI_inst:datain0[15] to constant 0 [c:/Users/X4/Documents/GitHub/valjean-nnet/custom_ip/New folder/custom_ip_lab/custom_ip_lab.srcs/sources_1/bd/system/ipshared/5480/hdl/customip_lab_v1_0.vhd:120]
WARNING: [Synth 8-3295] tying undriven pin customip_lab_v1_0_S00_AXI_inst:datain0[14] to constant 0 [c:/Users/X4/Documents/GitHub/valjean-nnet/custom_ip/New folder/custom_ip_lab/custom_ip_lab.srcs/sources_1/bd/system/ipshared/5480/hdl/customip_lab_v1_0.vhd:120]
WARNING: [Synth 8-3295] tying undriven pin customip_lab_v1_0_S00_AXI_inst:datain0[13] to constant 0 [c:/Users/X4/Documents/GitHub/valjean-nnet/custom_ip/New folder/custom_ip_lab/custom_ip_lab.srcs/sources_1/bd/system/ipshared/5480/hdl/customip_lab_v1_0.vhd:120]
WARNING: [Synth 8-3295] tying undriven pin customip_lab_v1_0_S00_AXI_inst:datain0[12] to constant 0 [c:/Users/X4/Documents/GitHub/valjean-nnet/custom_ip/New folder/custom_ip_lab/custom_ip_lab.srcs/sources_1/bd/system/ipshared/5480/hdl/customip_lab_v1_0.vhd:120]
WARNING: [Synth 8-3295] tying undriven pin customip_lab_v1_0_S00_AXI_inst:datain0[11] to constant 0 [c:/Users/X4/Documents/GitHub/valjean-nnet/custom_ip/New folder/custom_ip_lab/custom_ip_lab.srcs/sources_1/bd/system/ipshared/5480/hdl/customip_lab_v1_0.vhd:120]
WARNING: [Synth 8-3295] tying undriven pin customip_lab_v1_0_S00_AXI_inst:datain0[10] to constant 0 [c:/Users/X4/Documents/GitHub/valjean-nnet/custom_ip/New folder/custom_ip_lab/custom_ip_lab.srcs/sources_1/bd/system/ipshared/5480/hdl/customip_lab_v1_0.vhd:120]
WARNING: [Synth 8-3295] tying undriven pin customip_lab_v1_0_S00_AXI_inst:datain0[9] to constant 0 [c:/Users/X4/Documents/GitHub/valjean-nnet/custom_ip/New folder/custom_ip_lab/custom_ip_lab.srcs/sources_1/bd/system/ipshared/5480/hdl/customip_lab_v1_0.vhd:120]
WARNING: [Synth 8-3295] tying undriven pin customip_lab_v1_0_S00_AXI_inst:datain0[8] to constant 0 [c:/Users/X4/Documents/GitHub/valjean-nnet/custom_ip/New folder/custom_ip_lab/custom_ip_lab.srcs/sources_1/bd/system/ipshared/5480/hdl/customip_lab_v1_0.vhd:120]
WARNING: [Synth 8-3295] tying undriven pin customip_lab_v1_0_S00_AXI_inst:datain0[7] to constant 0 [c:/Users/X4/Documents/GitHub/valjean-nnet/custom_ip/New folder/custom_ip_lab/custom_ip_lab.srcs/sources_1/bd/system/ipshared/5480/hdl/customip_lab_v1_0.vhd:120]
WARNING: [Synth 8-3295] tying undriven pin customip_lab_v1_0_S00_AXI_inst:datain0[6] to constant 0 [c:/Users/X4/Documents/GitHub/valjean-nnet/custom_ip/New folder/custom_ip_lab/custom_ip_lab.srcs/sources_1/bd/system/ipshared/5480/hdl/customip_lab_v1_0.vhd:120]
WARNING: [Synth 8-3295] tying undriven pin customip_lab_v1_0_S00_AXI_inst:datain0[5] to constant 0 [c:/Users/X4/Documents/GitHub/valjean-nnet/custom_ip/New folder/custom_ip_lab/custom_ip_lab.srcs/sources_1/bd/system/ipshared/5480/hdl/customip_lab_v1_0.vhd:120]
WARNING: [Synth 8-3295] tying undriven pin customip_lab_v1_0_S00_AXI_inst:datain0[4] to constant 0 [c:/Users/X4/Documents/GitHub/valjean-nnet/custom_ip/New folder/custom_ip_lab/custom_ip_lab.srcs/sources_1/bd/system/ipshared/5480/hdl/customip_lab_v1_0.vhd:120]
WARNING: [Synth 8-3295] tying undriven pin customip_lab_v1_0_S00_AXI_inst:datain0[3] to constant 0 [c:/Users/X4/Documents/GitHub/valjean-nnet/custom_ip/New folder/custom_ip_lab/custom_ip_lab.srcs/sources_1/bd/system/ipshared/5480/hdl/customip_lab_v1_0.vhd:120]
WARNING: [Synth 8-3295] tying undriven pin customip_lab_v1_0_S00_AXI_inst:datain0[2] to constant 0 [c:/Users/X4/Documents/GitHub/valjean-nnet/custom_ip/New folder/custom_ip_lab/custom_ip_lab.srcs/sources_1/bd/system/ipshared/5480/hdl/customip_lab_v1_0.vhd:120]
WARNING: [Synth 8-3295] tying undriven pin customip_lab_v1_0_S00_AXI_inst:datain0[1] to constant 0 [c:/Users/X4/Documents/GitHub/valjean-nnet/custom_ip/New folder/custom_ip_lab/custom_ip_lab.srcs/sources_1/bd/system/ipshared/5480/hdl/customip_lab_v1_0.vhd:120]
WARNING: [Synth 8-3295] tying undriven pin customip_lab_v1_0_S00_AXI_inst:datain0[0] to constant 0 [c:/Users/X4/Documents/GitHub/valjean-nnet/custom_ip/New folder/custom_ip_lab/custom_ip_lab.srcs/sources_1/bd/system/ipshared/5480/hdl/customip_lab_v1_0.vhd:120]
WARNING: [Synth 8-3295] tying undriven pin customip_lab_v1_0_S00_AXI_inst:datain1[31] to constant 0 [c:/Users/X4/Documents/GitHub/valjean-nnet/custom_ip/New folder/custom_ip_lab/custom_ip_lab.srcs/sources_1/bd/system/ipshared/5480/hdl/customip_lab_v1_0.vhd:120]
WARNING: [Synth 8-3295] tying undriven pin customip_lab_v1_0_S00_AXI_inst:datain1[30] to constant 0 [c:/Users/X4/Documents/GitHub/valjean-nnet/custom_ip/New folder/custom_ip_lab/custom_ip_lab.srcs/sources_1/bd/system/ipshared/5480/hdl/customip_lab_v1_0.vhd:120]
WARNING: [Synth 8-3295] tying undriven pin customip_lab_v1_0_S00_AXI_inst:datain1[29] to constant 0 [c:/Users/X4/Documents/GitHub/valjean-nnet/custom_ip/New folder/custom_ip_lab/custom_ip_lab.srcs/sources_1/bd/system/ipshared/5480/hdl/customip_lab_v1_0.vhd:120]
WARNING: [Synth 8-3295] tying undriven pin customip_lab_v1_0_S00_AXI_inst:datain1[28] to constant 0 [c:/Users/X4/Documents/GitHub/valjean-nnet/custom_ip/New folder/custom_ip_lab/custom_ip_lab.srcs/sources_1/bd/system/ipshared/5480/hdl/customip_lab_v1_0.vhd:120]
WARNING: [Synth 8-3295] tying undriven pin customip_lab_v1_0_S00_AXI_inst:datain1[27] to constant 0 [c:/Users/X4/Documents/GitHub/valjean-nnet/custom_ip/New folder/custom_ip_lab/custom_ip_lab.srcs/sources_1/bd/system/ipshared/5480/hdl/customip_lab_v1_0.vhd:120]
WARNING: [Synth 8-3295] tying undriven pin customip_lab_v1_0_S00_AXI_inst:datain1[26] to constant 0 [c:/Users/X4/Documents/GitHub/valjean-nnet/custom_ip/New folder/custom_ip_lab/custom_ip_lab.srcs/sources_1/bd/system/ipshared/5480/hdl/customip_lab_v1_0.vhd:120]
WARNING: [Synth 8-3295] tying undriven pin customip_lab_v1_0_S00_AXI_inst:datain1[25] to constant 0 [c:/Users/X4/Documents/GitHub/valjean-nnet/custom_ip/New folder/custom_ip_lab/custom_ip_lab.srcs/sources_1/bd/system/ipshared/5480/hdl/customip_lab_v1_0.vhd:120]
WARNING: [Synth 8-3295] tying undriven pin customip_lab_v1_0_S00_AXI_inst:datain1[24] to constant 0 [c:/Users/X4/Documents/GitHub/valjean-nnet/custom_ip/New folder/custom_ip_lab/custom_ip_lab.srcs/sources_1/bd/system/ipshared/5480/hdl/customip_lab_v1_0.vhd:120]
WARNING: [Synth 8-3295] tying undriven pin customip_lab_v1_0_S00_AXI_inst:datain1[23] to constant 0 [c:/Users/X4/Documents/GitHub/valjean-nnet/custom_ip/New folder/custom_ip_lab/custom_ip_lab.srcs/sources_1/bd/system/ipshared/5480/hdl/customip_lab_v1_0.vhd:120]
WARNING: [Synth 8-3295] tying undriven pin customip_lab_v1_0_S00_AXI_inst:datain1[22] to constant 0 [c:/Users/X4/Documents/GitHub/valjean-nnet/custom_ip/New folder/custom_ip_lab/custom_ip_lab.srcs/sources_1/bd/system/ipshared/5480/hdl/customip_lab_v1_0.vhd:120]
WARNING: [Synth 8-3295] tying undriven pin customip_lab_v1_0_S00_AXI_inst:datain1[21] to constant 0 [c:/Users/X4/Documents/GitHub/valjean-nnet/custom_ip/New folder/custom_ip_lab/custom_ip_lab.srcs/sources_1/bd/system/ipshared/5480/hdl/customip_lab_v1_0.vhd:120]
WARNING: [Synth 8-3295] tying undriven pin customip_lab_v1_0_S00_AXI_inst:datain1[20] to constant 0 [c:/Users/X4/Documents/GitHub/valjean-nnet/custom_ip/New folder/custom_ip_lab/custom_ip_lab.srcs/sources_1/bd/system/ipshared/5480/hdl/customip_lab_v1_0.vhd:120]
WARNING: [Synth 8-3295] tying undriven pin customip_lab_v1_0_S00_AXI_inst:datain1[19] to constant 0 [c:/Users/X4/Documents/GitHub/valjean-nnet/custom_ip/New folder/custom_ip_lab/custom_ip_lab.srcs/sources_1/bd/system/ipshared/5480/hdl/customip_lab_v1_0.vhd:120]
WARNING: [Synth 8-3295] tying undriven pin customip_lab_v1_0_S00_AXI_inst:datain1[18] to constant 0 [c:/Users/X4/Documents/GitHub/valjean-nnet/custom_ip/New folder/custom_ip_lab/custom_ip_lab.srcs/sources_1/bd/system/ipshared/5480/hdl/customip_lab_v1_0.vhd:120]
WARNING: [Synth 8-3295] tying undriven pin customip_lab_v1_0_S00_AXI_inst:datain1[17] to constant 0 [c:/Users/X4/Documents/GitHub/valjean-nnet/custom_ip/New folder/custom_ip_lab/custom_ip_lab.srcs/sources_1/bd/system/ipshared/5480/hdl/customip_lab_v1_0.vhd:120]
WARNING: [Synth 8-3295] tying undriven pin customip_lab_v1_0_S00_AXI_inst:datain1[16] to constant 0 [c:/Users/X4/Documents/GitHub/valjean-nnet/custom_ip/New folder/custom_ip_lab/custom_ip_lab.srcs/sources_1/bd/system/ipshared/5480/hdl/customip_lab_v1_0.vhd:120]
WARNING: [Synth 8-3295] tying undriven pin customip_lab_v1_0_S00_AXI_inst:datain1[15] to constant 0 [c:/Users/X4/Documents/GitHub/valjean-nnet/custom_ip/New folder/custom_ip_lab/custom_ip_lab.srcs/sources_1/bd/system/ipshared/5480/hdl/customip_lab_v1_0.vhd:120]
WARNING: [Synth 8-3295] tying undriven pin customip_lab_v1_0_S00_AXI_inst:datain1[14] to constant 0 [c:/Users/X4/Documents/GitHub/valjean-nnet/custom_ip/New folder/custom_ip_lab/custom_ip_lab.srcs/sources_1/bd/system/ipshared/5480/hdl/customip_lab_v1_0.vhd:120]
WARNING: [Synth 8-3295] tying undriven pin customip_lab_v1_0_S00_AXI_inst:datain1[13] to constant 0 [c:/Users/X4/Documents/GitHub/valjean-nnet/custom_ip/New folder/custom_ip_lab/custom_ip_lab.srcs/sources_1/bd/system/ipshared/5480/hdl/customip_lab_v1_0.vhd:120]
WARNING: [Synth 8-3295] tying undriven pin customip_lab_v1_0_S00_AXI_inst:datain1[12] to constant 0 [c:/Users/X4/Documents/GitHub/valjean-nnet/custom_ip/New folder/custom_ip_lab/custom_ip_lab.srcs/sources_1/bd/system/ipshared/5480/hdl/customip_lab_v1_0.vhd:120]
WARNING: [Synth 8-3295] tying undriven pin customip_lab_v1_0_S00_AXI_inst:datain1[11] to constant 0 [c:/Users/X4/Documents/GitHub/valjean-nnet/custom_ip/New folder/custom_ip_lab/custom_ip_lab.srcs/sources_1/bd/system/ipshared/5480/hdl/customip_lab_v1_0.vhd:120]
WARNING: [Synth 8-3295] tying undriven pin customip_lab_v1_0_S00_AXI_inst:datain1[10] to constant 0 [c:/Users/X4/Documents/GitHub/valjean-nnet/custom_ip/New folder/custom_ip_lab/custom_ip_lab.srcs/sources_1/bd/system/ipshared/5480/hdl/customip_lab_v1_0.vhd:120]
WARNING: [Synth 8-3295] tying undriven pin customip_lab_v1_0_S00_AXI_inst:datain1[9] to constant 0 [c:/Users/X4/Documents/GitHub/valjean-nnet/custom_ip/New folder/custom_ip_lab/custom_ip_lab.srcs/sources_1/bd/system/ipshared/5480/hdl/customip_lab_v1_0.vhd:120]
WARNING: [Synth 8-3295] tying undriven pin customip_lab_v1_0_S00_AXI_inst:datain1[8] to constant 0 [c:/Users/X4/Documents/GitHub/valjean-nnet/custom_ip/New folder/custom_ip_lab/custom_ip_lab.srcs/sources_1/bd/system/ipshared/5480/hdl/customip_lab_v1_0.vhd:120]
WARNING: [Synth 8-3295] tying undriven pin customip_lab_v1_0_S00_AXI_inst:datain1[7] to constant 0 [c:/Users/X4/Documents/GitHub/valjean-nnet/custom_ip/New folder/custom_ip_lab/custom_ip_lab.srcs/sources_1/bd/system/ipshared/5480/hdl/customip_lab_v1_0.vhd:120]
WARNING: [Synth 8-3295] tying undriven pin customip_lab_v1_0_S00_AXI_inst:datain1[6] to constant 0 [c:/Users/X4/Documents/GitHub/valjean-nnet/custom_ip/New folder/custom_ip_lab/custom_ip_lab.srcs/sources_1/bd/system/ipshared/5480/hdl/customip_lab_v1_0.vhd:120]
WARNING: [Synth 8-3295] tying undriven pin customip_lab_v1_0_S00_AXI_inst:datain1[5] to constant 0 [c:/Users/X4/Documents/GitHub/valjean-nnet/custom_ip/New folder/custom_ip_lab/custom_ip_lab.srcs/sources_1/bd/system/ipshared/5480/hdl/customip_lab_v1_0.vhd:120]
WARNING: [Synth 8-3295] tying undriven pin customip_lab_v1_0_S00_AXI_inst:datain1[4] to constant 0 [c:/Users/X4/Documents/GitHub/valjean-nnet/custom_ip/New folder/custom_ip_lab/custom_ip_lab.srcs/sources_1/bd/system/ipshared/5480/hdl/customip_lab_v1_0.vhd:120]
WARNING: [Synth 8-3295] tying undriven pin customip_lab_v1_0_S00_AXI_inst:datain1[3] to constant 0 [c:/Users/X4/Documents/GitHub/valjean-nnet/custom_ip/New folder/custom_ip_lab/custom_ip_lab.srcs/sources_1/bd/system/ipshared/5480/hdl/customip_lab_v1_0.vhd:120]
WARNING: [Synth 8-3295] tying undriven pin customip_lab_v1_0_S00_AXI_inst:datain1[2] to constant 0 [c:/Users/X4/Documents/GitHub/valjean-nnet/custom_ip/New folder/custom_ip_lab/custom_ip_lab.srcs/sources_1/bd/system/ipshared/5480/hdl/customip_lab_v1_0.vhd:120]
WARNING: [Synth 8-3295] tying undriven pin customip_lab_v1_0_S00_AXI_inst:datain1[1] to constant 0 [c:/Users/X4/Documents/GitHub/valjean-nnet/custom_ip/New folder/custom_ip_lab/custom_ip_lab.srcs/sources_1/bd/system/ipshared/5480/hdl/customip_lab_v1_0.vhd:120]
WARNING: [Synth 8-3295] tying undriven pin customip_lab_v1_0_S00_AXI_inst:datain1[0] to constant 0 [c:/Users/X4/Documents/GitHub/valjean-nnet/custom_ip/New folder/custom_ip_lab/custom_ip_lab.srcs/sources_1/bd/system/ipshared/5480/hdl/customip_lab_v1_0.vhd:120]
WARNING: [Synth 8-3295] tying undriven pin customip_lab_v1_0_S00_AXI_inst:datain2[31] to constant 0 [c:/Users/X4/Documents/GitHub/valjean-nnet/custom_ip/New folder/custom_ip_lab/custom_ip_lab.srcs/sources_1/bd/system/ipshared/5480/hdl/customip_lab_v1_0.vhd:120]
WARNING: [Synth 8-3295] tying undriven pin customip_lab_v1_0_S00_AXI_inst:datain2[30] to constant 0 [c:/Users/X4/Documents/GitHub/valjean-nnet/custom_ip/New folder/custom_ip_lab/custom_ip_lab.srcs/sources_1/bd/system/ipshared/5480/hdl/customip_lab_v1_0.vhd:120]
WARNING: [Synth 8-3295] tying undriven pin customip_lab_v1_0_S00_AXI_inst:datain2[29] to constant 0 [c:/Users/X4/Documents/GitHub/valjean-nnet/custom_ip/New folder/custom_ip_lab/custom_ip_lab.srcs/sources_1/bd/system/ipshared/5480/hdl/customip_lab_v1_0.vhd:120]
WARNING: [Synth 8-3295] tying undriven pin customip_lab_v1_0_S00_AXI_inst:datain2[28] to constant 0 [c:/Users/X4/Documents/GitHub/valjean-nnet/custom_ip/New folder/custom_ip_lab/custom_ip_lab.srcs/sources_1/bd/system/ipshared/5480/hdl/customip_lab_v1_0.vhd:120]
WARNING: [Synth 8-3295] tying undriven pin customip_lab_v1_0_S00_AXI_inst:datain2[27] to constant 0 [c:/Users/X4/Documents/GitHub/valjean-nnet/custom_ip/New folder/custom_ip_lab/custom_ip_lab.srcs/sources_1/bd/system/ipshared/5480/hdl/customip_lab_v1_0.vhd:120]
WARNING: [Synth 8-3295] tying undriven pin customip_lab_v1_0_S00_AXI_inst:datain2[26] to constant 0 [c:/Users/X4/Documents/GitHub/valjean-nnet/custom_ip/New folder/custom_ip_lab/custom_ip_lab.srcs/sources_1/bd/system/ipshared/5480/hdl/customip_lab_v1_0.vhd:120]
WARNING: [Synth 8-3295] tying undriven pin customip_lab_v1_0_S00_AXI_inst:datain2[25] to constant 0 [c:/Users/X4/Documents/GitHub/valjean-nnet/custom_ip/New folder/custom_ip_lab/custom_ip_lab.srcs/sources_1/bd/system/ipshared/5480/hdl/customip_lab_v1_0.vhd:120]
WARNING: [Synth 8-3295] tying undriven pin customip_lab_v1_0_S00_AXI_inst:datain2[24] to constant 0 [c:/Users/X4/Documents/GitHub/valjean-nnet/custom_ip/New folder/custom_ip_lab/custom_ip_lab.srcs/sources_1/bd/system/ipshared/5480/hdl/customip_lab_v1_0.vhd:120]
WARNING: [Synth 8-3295] tying undriven pin customip_lab_v1_0_S00_AXI_inst:datain2[23] to constant 0 [c:/Users/X4/Documents/GitHub/valjean-nnet/custom_ip/New folder/custom_ip_lab/custom_ip_lab.srcs/sources_1/bd/system/ipshared/5480/hdl/customip_lab_v1_0.vhd:120]
WARNING: [Synth 8-3295] tying undriven pin customip_lab_v1_0_S00_AXI_inst:datain2[22] to constant 0 [c:/Users/X4/Documents/GitHub/valjean-nnet/custom_ip/New folder/custom_ip_lab/custom_ip_lab.srcs/sources_1/bd/system/ipshared/5480/hdl/customip_lab_v1_0.vhd:120]
WARNING: [Synth 8-3295] tying undriven pin customip_lab_v1_0_S00_AXI_inst:datain2[21] to constant 0 [c:/Users/X4/Documents/GitHub/valjean-nnet/custom_ip/New folder/custom_ip_lab/custom_ip_lab.srcs/sources_1/bd/system/ipshared/5480/hdl/customip_lab_v1_0.vhd:120]
WARNING: [Synth 8-3295] tying undriven pin customip_lab_v1_0_S00_AXI_inst:datain2[20] to constant 0 [c:/Users/X4/Documents/GitHub/valjean-nnet/custom_ip/New folder/custom_ip_lab/custom_ip_lab.srcs/sources_1/bd/system/ipshared/5480/hdl/customip_lab_v1_0.vhd:120]
WARNING: [Synth 8-3295] tying undriven pin customip_lab_v1_0_S00_AXI_inst:datain2[19] to constant 0 [c:/Users/X4/Documents/GitHub/valjean-nnet/custom_ip/New folder/custom_ip_lab/custom_ip_lab.srcs/sources_1/bd/system/ipshared/5480/hdl/customip_lab_v1_0.vhd:120]
WARNING: [Synth 8-3295] tying undriven pin customip_lab_v1_0_S00_AXI_inst:datain2[18] to constant 0 [c:/Users/X4/Documents/GitHub/valjean-nnet/custom_ip/New folder/custom_ip_lab/custom_ip_lab.srcs/sources_1/bd/system/ipshared/5480/hdl/customip_lab_v1_0.vhd:120]
WARNING: [Synth 8-3295] tying undriven pin customip_lab_v1_0_S00_AXI_inst:datain2[17] to constant 0 [c:/Users/X4/Documents/GitHub/valjean-nnet/custom_ip/New folder/custom_ip_lab/custom_ip_lab.srcs/sources_1/bd/system/ipshared/5480/hdl/customip_lab_v1_0.vhd:120]
WARNING: [Synth 8-3295] tying undriven pin customip_lab_v1_0_S00_AXI_inst:datain2[16] to constant 0 [c:/Users/X4/Documents/GitHub/valjean-nnet/custom_ip/New folder/custom_ip_lab/custom_ip_lab.srcs/sources_1/bd/system/ipshared/5480/hdl/customip_lab_v1_0.vhd:120]
WARNING: [Synth 8-3295] tying undriven pin customip_lab_v1_0_S00_AXI_inst:datain2[15] to constant 0 [c:/Users/X4/Documents/GitHub/valjean-nnet/custom_ip/New folder/custom_ip_lab/custom_ip_lab.srcs/sources_1/bd/system/ipshared/5480/hdl/customip_lab_v1_0.vhd:120]
WARNING: [Synth 8-3295] tying undriven pin customip_lab_v1_0_S00_AXI_inst:datain2[14] to constant 0 [c:/Users/X4/Documents/GitHub/valjean-nnet/custom_ip/New folder/custom_ip_lab/custom_ip_lab.srcs/sources_1/bd/system/ipshared/5480/hdl/customip_lab_v1_0.vhd:120]
WARNING: [Synth 8-3295] tying undriven pin customip_lab_v1_0_S00_AXI_inst:datain2[13] to constant 0 [c:/Users/X4/Documents/GitHub/valjean-nnet/custom_ip/New folder/custom_ip_lab/custom_ip_lab.srcs/sources_1/bd/system/ipshared/5480/hdl/customip_lab_v1_0.vhd:120]
WARNING: [Synth 8-3295] tying undriven pin customip_lab_v1_0_S00_AXI_inst:datain2[12] to constant 0 [c:/Users/X4/Documents/GitHub/valjean-nnet/custom_ip/New folder/custom_ip_lab/custom_ip_lab.srcs/sources_1/bd/system/ipshared/5480/hdl/customip_lab_v1_0.vhd:120]
WARNING: [Synth 8-3295] tying undriven pin customip_lab_v1_0_S00_AXI_inst:datain2[11] to constant 0 [c:/Users/X4/Documents/GitHub/valjean-nnet/custom_ip/New folder/custom_ip_lab/custom_ip_lab.srcs/sources_1/bd/system/ipshared/5480/hdl/customip_lab_v1_0.vhd:120]
WARNING: [Synth 8-3295] tying undriven pin customip_lab_v1_0_S00_AXI_inst:datain2[10] to constant 0 [c:/Users/X4/Documents/GitHub/valjean-nnet/custom_ip/New folder/custom_ip_lab/custom_ip_lab.srcs/sources_1/bd/system/ipshared/5480/hdl/customip_lab_v1_0.vhd:120]
WARNING: [Synth 8-3295] tying undriven pin customip_lab_v1_0_S00_AXI_inst:datain2[9] to constant 0 [c:/Users/X4/Documents/GitHub/valjean-nnet/custom_ip/New folder/custom_ip_lab/custom_ip_lab.srcs/sources_1/bd/system/ipshared/5480/hdl/customip_lab_v1_0.vhd:120]
WARNING: [Synth 8-3295] tying undriven pin customip_lab_v1_0_S00_AXI_inst:datain2[8] to constant 0 [c:/Users/X4/Documents/GitHub/valjean-nnet/custom_ip/New folder/custom_ip_lab/custom_ip_lab.srcs/sources_1/bd/system/ipshared/5480/hdl/customip_lab_v1_0.vhd:120]
WARNING: [Synth 8-3295] tying undriven pin customip_lab_v1_0_S00_AXI_inst:datain2[7] to constant 0 [c:/Users/X4/Documents/GitHub/valjean-nnet/custom_ip/New folder/custom_ip_lab/custom_ip_lab.srcs/sources_1/bd/system/ipshared/5480/hdl/customip_lab_v1_0.vhd:120]
WARNING: [Synth 8-3295] tying undriven pin customip_lab_v1_0_S00_AXI_inst:datain2[6] to constant 0 [c:/Users/X4/Documents/GitHub/valjean-nnet/custom_ip/New folder/custom_ip_lab/custom_ip_lab.srcs/sources_1/bd/system/ipshared/5480/hdl/customip_lab_v1_0.vhd:120]
WARNING: [Synth 8-3295] tying undriven pin customip_lab_v1_0_S00_AXI_inst:datain2[5] to constant 0 [c:/Users/X4/Documents/GitHub/valjean-nnet/custom_ip/New folder/custom_ip_lab/custom_ip_lab.srcs/sources_1/bd/system/ipshared/5480/hdl/customip_lab_v1_0.vhd:120]
WARNING: [Synth 8-3295] tying undriven pin customip_lab_v1_0_S00_AXI_inst:datain2[4] to constant 0 [c:/Users/X4/Documents/GitHub/valjean-nnet/custom_ip/New folder/custom_ip_lab/custom_ip_lab.srcs/sources_1/bd/system/ipshared/5480/hdl/customip_lab_v1_0.vhd:120]
WARNING: [Synth 8-3295] tying undriven pin customip_lab_v1_0_S00_AXI_inst:datain2[3] to constant 0 [c:/Users/X4/Documents/GitHub/valjean-nnet/custom_ip/New folder/custom_ip_lab/custom_ip_lab.srcs/sources_1/bd/system/ipshared/5480/hdl/customip_lab_v1_0.vhd:120]
WARNING: [Synth 8-3295] tying undriven pin customip_lab_v1_0_S00_AXI_inst:datain2[2] to constant 0 [c:/Users/X4/Documents/GitHub/valjean-nnet/custom_ip/New folder/custom_ip_lab/custom_ip_lab.srcs/sources_1/bd/system/ipshared/5480/hdl/customip_lab_v1_0.vhd:120]
WARNING: [Synth 8-3295] tying undriven pin customip_lab_v1_0_S00_AXI_inst:datain2[1] to constant 0 [c:/Users/X4/Documents/GitHub/valjean-nnet/custom_ip/New folder/custom_ip_lab/custom_ip_lab.srcs/sources_1/bd/system/ipshared/5480/hdl/customip_lab_v1_0.vhd:120]
WARNING: [Synth 8-3295] tying undriven pin customip_lab_v1_0_S00_AXI_inst:datain2[0] to constant 0 [c:/Users/X4/Documents/GitHub/valjean-nnet/custom_ip/New folder/custom_ip_lab/custom_ip_lab.srcs/sources_1/bd/system/ipshared/5480/hdl/customip_lab_v1_0.vhd:120]
WARNING: [Synth 8-3295] tying undriven pin customip_lab_v1_0_S00_AXI_inst:datain3[31] to constant 0 [c:/Users/X4/Documents/GitHub/valjean-nnet/custom_ip/New folder/custom_ip_lab/custom_ip_lab.srcs/sources_1/bd/system/ipshared/5480/hdl/customip_lab_v1_0.vhd:120]
WARNING: [Synth 8-3295] tying undriven pin customip_lab_v1_0_S00_AXI_inst:datain3[30] to constant 0 [c:/Users/X4/Documents/GitHub/valjean-nnet/custom_ip/New folder/custom_ip_lab/custom_ip_lab.srcs/sources_1/bd/system/ipshared/5480/hdl/customip_lab_v1_0.vhd:120]
WARNING: [Synth 8-3295] tying undriven pin customip_lab_v1_0_S00_AXI_inst:datain3[29] to constant 0 [c:/Users/X4/Documents/GitHub/valjean-nnet/custom_ip/New folder/custom_ip_lab/custom_ip_lab.srcs/sources_1/bd/system/ipshared/5480/hdl/customip_lab_v1_0.vhd:120]
WARNING: [Synth 8-3295] tying undriven pin customip_lab_v1_0_S00_AXI_inst:datain3[28] to constant 0 [c:/Users/X4/Documents/GitHub/valjean-nnet/custom_ip/New folder/custom_ip_lab/custom_ip_lab.srcs/sources_1/bd/system/ipshared/5480/hdl/customip_lab_v1_0.vhd:120]
INFO: [Common 17-14] Message 'Synth 8-3295' appears 100 times and further instances of the messages will be disabled. Use the Tcl command set_msg_config to change the current settings.
---------------------------------------------------------------------------------
Finished RTL Optimization Phase 1 : Time (s): cpu = 00:00:10 ; elapsed = 00:00:11 . Memory (MB): peak = 445.496 ; gain = 201.742
---------------------------------------------------------------------------------
INFO: [Device 21-403] Loading part xc7z020clg484-1
INFO: [Project 1-570] Preparing netlist for logic optimization

Processing XDC Constraints
Initializing timing engine
CRITICAL WARNING: [Designutils 20-1281] Could not find module 'fifo'. The XDC file c:/Users/X4/Documents/GitHub/valjean-nnet/custom_ip/New folder/custom_ip_lab/custom_ip_lab.srcs/sources_1/bd/system/ip/system_customip_lab_0_0/hdl/fifo/fifo_ooc.xdc will not be read for this module.
CRITICAL WARNING: [Designutils 20-1280] Could not find module 'fifo_fifo_generator_0_0'. The XDC file c:/Users/X4/Documents/GitHub/valjean-nnet/custom_ip/New folder/custom_ip_lab/custom_ip_lab.srcs/sources_1/bd/system/ip/system_customip_lab_0_0/hdl/fifo/ip/fifo_fifo_generator_0_0/fifo_fifo_generator_0_0.xdc will not be read for any cell of this module.
Parsing XDC File [C:/Users/X4/Documents/GitHub/valjean-nnet/custom_ip/New folder/custom_ip_lab/custom_ip_lab.runs/system_customip_lab_0_0_synth_1/dont_touch.xdc]
WARNING: [Vivado 12-180] No cells matched 'get_cells -hier -filter {REF_NAME==fifo_fifo_generator_0_0 || ORIG_REF_NAME==fifo_fifo_generator_0_0}'. [C:/Users/X4/Documents/GitHub/valjean-nnet/custom_ip/New folder/custom_ip_lab/custom_ip_lab.runs/system_customip_lab_0_0_synth_1/dont_touch.xdc:8]
CRITICAL WARNING: [Common 17-55] 'set_property' expects at least one object. [C:/Users/X4/Documents/GitHub/valjean-nnet/custom_ip/New folder/custom_ip_lab/custom_ip_lab.runs/system_customip_lab_0_0_synth_1/dont_touch.xdc:8]
Resolution: If [get_<value>] was used to populate the object, check to make sure this command returns at least one valid object.
WARNING: [Vivado 12-180] No cells matched 'get_cells -hier -filter {REF_NAME==fifo_fifo_generator_0_0 || ORIG_REF_NAME==fifo_fifo_generator_0_0}'. [C:/Users/X4/Documents/GitHub/valjean-nnet/custom_ip/New folder/custom_ip_lab/custom_ip_lab.runs/system_customip_lab_0_0_synth_1/dont_touch.xdc:11]
WARNING: [Vivado 12-180] No cells matched '/U0'. [C:/Users/X4/Documents/GitHub/valjean-nnet/custom_ip/New folder/custom_ip_lab/custom_ip_lab.runs/system_customip_lab_0_0_synth_1/dont_touch.xdc:11]
Finished Parsing XDC File [C:/Users/X4/Documents/GitHub/valjean-nnet/custom_ip/New folder/custom_ip_lab/custom_ip_lab.runs/system_customip_lab_0_0_synth_1/dont_touch.xdc]
INFO: [Project 1-236] Implementation specific constraints were found while reading constraint file [C:/Users/X4/Documents/GitHub/valjean-nnet/custom_ip/New folder/custom_ip_lab/custom_ip_lab.runs/system_customip_lab_0_0_synth_1/dont_touch.xdc]. These constraints will be ignored for synthesis but will be used in implementation. Impacted constraints are listed in the file [.Xil/system_customip_lab_0_0_propImpl.xdc].
Resolution: To avoid this warning, move constraints listed in [.Xil/system_customip_lab_0_0_propImpl.xdc] to another XDC file and exclude this new file from synthesis with the used_in_synthesis property (File Properties dialog in GUI) and re-run elaboration/synthesis.
Completed Processing XDC Constraints

INFO: [Project 1-111] Unisim Transformation Summary:
No Unisim elements were transformed.

Constraint Validation Runtime : Time (s): cpu = 00:00:01 ; elapsed = 00:00:00.045 . Memory (MB): peak = 688.598 ; gain = 0.000
---------------------------------------------------------------------------------
Finished Constraint Validation : Time (s): cpu = 00:00:18 ; elapsed = 00:00:20 . Memory (MB): peak = 688.598 ; gain = 444.844
---------------------------------------------------------------------------------
---------------------------------------------------------------------------------
Start Loading Part and Timing Information
---------------------------------------------------------------------------------
Loading part: xc7z020clg484-1
---------------------------------------------------------------------------------
Finished Loading Part and Timing Information : Time (s): cpu = 00:00:18 ; elapsed = 00:00:20 . Memory (MB): peak = 688.598 ; gain = 444.844
---------------------------------------------------------------------------------
---------------------------------------------------------------------------------
Start Applying 'set_property' XDC Constraints
---------------------------------------------------------------------------------
---------------------------------------------------------------------------------
Finished applying 'set_property' XDC Constraints : Time (s): cpu = 00:00:18 ; elapsed = 00:00:20 . Memory (MB): peak = 688.598 ; gain = 444.844
---------------------------------------------------------------------------------
WARNING: [Synth 8-6014] Unused sequential element count_reg was removed.  [c:/Users/X4/Documents/GitHub/valjean-nnet/custom_ip/New folder/custom_ip_lab/custom_ip_lab.srcs/sources_1/bd/system/ipshared/5480/hdl/accumulator.vhd:51]
---------------------------------------------------------------------------------
Finished RTL Optimization Phase 2 : Time (s): cpu = 00:00:19 ; elapsed = 00:00:20 . Memory (MB): peak = 688.598 ; gain = 444.844
---------------------------------------------------------------------------------

Report RTL Partitions: 
+-+--------------+------------+----------+
| |RTL Partition |Replication |Instances |
+-+--------------+------------+----------+
+-+--------------+------------+----------+
---------------------------------------------------------------------------------
Start RTL Component Statistics 
---------------------------------------------------------------------------------
Detailed RTL Component Info : 
+---Adders : 
	   2 Input     32 Bit       Adders := 2     
	  63 Input     32 Bit       Adders := 1     
+---XORs : 
	   2 Input     32 Bit         XORs := 1     
+---Registers : 
	               32 Bit    Registers := 1     
	                4 Bit    Registers := 2     
	                2 Bit    Registers := 2     
	                1 Bit    Registers := 6     
+---Muxes : 
	   4 Input     32 Bit        Muxes := 5     
	   2 Input     32 Bit        Muxes := 5     
	   2 Input      1 Bit        Muxes := 5     
---------------------------------------------------------------------------------
Finished RTL Component Statistics 
---------------------------------------------------------------------------------
---------------------------------------------------------------------------------
Start RTL Hierarchical Component Statistics 
---------------------------------------------------------------------------------
Hierarchical RTL Component report 
Module customip_lab_v1_0_S00_AXI 
Detailed RTL Component Info : 
+---Registers : 
	               32 Bit    Registers := 1     
	                4 Bit    Registers := 2     
	                2 Bit    Registers := 2     
	                1 Bit    Registers := 6     
+---Muxes : 
	   4 Input     32 Bit        Muxes := 5     
	   2 Input     32 Bit        Muxes := 4     
	   2 Input      1 Bit        Muxes := 5     
Module xnor_sum 
Detailed RTL Component Info : 
+---Adders : 
	   2 Input     32 Bit       Adders := 1     
	  63 Input     32 Bit       Adders := 1     
+---XORs : 
	   2 Input     32 Bit         XORs := 1     
+---Muxes : 
	   2 Input     32 Bit        Muxes := 1     
Module vecmult 
Detailed RTL Component Info : 
+---Adders : 
	   2 Input     32 Bit       Adders := 1     
---------------------------------------------------------------------------------
Finished RTL Hierarchical Component Statistics
---------------------------------------------------------------------------------
---------------------------------------------------------------------------------
Start Part Resource Summary
---------------------------------------------------------------------------------
Part Resources:
DSPs: 220 (col length:60)
BRAMs: 280 (col length: RAMB18 60 RAMB36 30)
---------------------------------------------------------------------------------
Finished Part Resource Summary
---------------------------------------------------------------------------------
---------------------------------------------------------------------------------
Start Cross Boundary and Area Optimization
---------------------------------------------------------------------------------
WARNING: [Synth 8-6014] Unused sequential element U0/vecmult_inst/acc_inst/count_reg was removed.  [c:/Users/X4/Documents/GitHub/valjean-nnet/custom_ip/New folder/custom_ip_lab/custom_ip_lab.srcs/sources_1/bd/system/ipshared/5480/hdl/accumulator.vhd:51]
WARNING: [Synth 8-3331] design system_customip_lab_0_0 has unconnected port s00_axi_awprot[2]
WARNING: [Synth 8-3331] design system_customip_lab_0_0 has unconnected port s00_axi_awprot[1]
WARNING: [Synth 8-3331] design system_customip_lab_0_0 has unconnected port s00_axi_awprot[0]
WARNING: [Synth 8-3331] design system_customip_lab_0_0 has unconnected port s00_axi_arprot[2]
WARNING: [Synth 8-3331] design system_customip_lab_0_0 has unconnected port s00_axi_arprot[1]
WARNING: [Synth 8-3331] design system_customip_lab_0_0 has unconnected port s00_axi_arprot[0]
INFO: [Synth 8-3333] propagating constant 1 across sequential element (\U0/customip_lab_v1_0_S00_AXI_inst/aw_en_reg )
INFO: [Synth 8-3886] merging instance 'U0/customip_lab_v1_0_S00_AXI_inst/axi_rresp_reg[0]' (FDRE) to 'U0/customip_lab_v1_0_S00_AXI_inst/axi_rresp_reg[1]'
INFO: [Synth 8-3333] propagating constant 0 across sequential element (\U0/customip_lab_v1_0_S00_AXI_inst/axi_rresp_reg[1] )
INFO: [Synth 8-3886] merging instance 'U0/customip_lab_v1_0_S00_AXI_inst/axi_rdata_reg[0]' (FDRE) to 'U0/customip_lab_v1_0_S00_AXI_inst/axi_rdata_reg[1]'
INFO: [Synth 8-3886] merging instance 'U0/customip_lab_v1_0_S00_AXI_inst/axi_rdata_reg[1]' (FDRE) to 'U0/customip_lab_v1_0_S00_AXI_inst/axi_rdata_reg[2]'
INFO: [Synth 8-3886] merging instance 'U0/customip_lab_v1_0_S00_AXI_inst/axi_rdata_reg[2]' (FDRE) to 'U0/customip_lab_v1_0_S00_AXI_inst/axi_rdata_reg[3]'
INFO: [Synth 8-3886] merging instance 'U0/customip_lab_v1_0_S00_AXI_inst/axi_rdata_reg[3]' (FDRE) to 'U0/customip_lab_v1_0_S00_AXI_inst/axi_rdata_reg[4]'
INFO: [Synth 8-3886] merging instance 'U0/customip_lab_v1_0_S00_AXI_inst/axi_rdata_reg[4]' (FDRE) to 'U0/customip_lab_v1_0_S00_AXI_inst/axi_rdata_reg[5]'
INFO: [Synth 8-3886] merging instance 'U0/customip_lab_v1_0_S00_AXI_inst/axi_rdata_reg[5]' (FDRE) to 'U0/customip_lab_v1_0_S00_AXI_inst/axi_rdata_reg[6]'
INFO: [Synth 8-3886] merging instance 'U0/customip_lab_v1_0_S00_AXI_inst/axi_rdata_reg[6]' (FDRE) to 'U0/customip_lab_v1_0_S00_AXI_inst/axi_rdata_reg[7]'
INFO: [Synth 8-3886] merging instance 'U0/customip_lab_v1_0_S00_AXI_inst/axi_rdata_reg[7]' (FDRE) to 'U0/customip_lab_v1_0_S00_AXI_inst/axi_rdata_reg[8]'
INFO: [Synth 8-3886] merging instance 'U0/customip_lab_v1_0_S00_AXI_inst/axi_rdata_reg[8]' (FDRE) to 'U0/customip_lab_v1_0_S00_AXI_inst/axi_rdata_reg[9]'
INFO: [Synth 8-3886] merging instance 'U0/customip_lab_v1_0_S00_AXI_inst/axi_rdata_reg[9]' (FDRE) to 'U0/customip_lab_v1_0_S00_AXI_inst/axi_rdata_reg[10]'
INFO: [Synth 8-3886] merging instance 'U0/customip_lab_v1_0_S00_AXI_inst/axi_rdata_reg[10]' (FDRE) to 'U0/customip_lab_v1_0_S00_AXI_inst/axi_rdata_reg[11]'
INFO: [Synth 8-3886] merging instance 'U0/customip_lab_v1_0_S00_AXI_inst/axi_rdata_reg[11]' (FDRE) to 'U0/customip_lab_v1_0_S00_AXI_inst/axi_rdata_reg[12]'
INFO: [Synth 8-3886] merging instance 'U0/customip_lab_v1_0_S00_AXI_inst/axi_rdata_reg[12]' (FDRE) to 'U0/customip_lab_v1_0_S00_AXI_inst/axi_rdata_reg[13]'
INFO: [Synth 8-3886] merging instance 'U0/customip_lab_v1_0_S00_AXI_inst/axi_rdata_reg[13]' (FDRE) to 'U0/customip_lab_v1_0_S00_AXI_inst/axi_rdata_reg[14]'
INFO: [Synth 8-3886] merging instance 'U0/customip_lab_v1_0_S00_AXI_inst/axi_rdata_reg[14]' (FDRE) to 'U0/customip_lab_v1_0_S00_AXI_inst/axi_rdata_reg[15]'
INFO: [Synth 8-3886] merging instance 'U0/customip_lab_v1_0_S00_AXI_inst/axi_rdata_reg[15]' (FDRE) to 'U0/customip_lab_v1_0_S00_AXI_inst/axi_rdata_reg[16]'
INFO: [Synth 8-3886] merging instance 'U0/customip_lab_v1_0_S00_AXI_inst/axi_rdata_reg[16]' (FDRE) to 'U0/customip_lab_v1_0_S00_AXI_inst/axi_rdata_reg[17]'
INFO: [Synth 8-3886] merging instance 'U0/customip_lab_v1_0_S00_AXI_inst/axi_rdata_reg[17]' (FDRE) to 'U0/customip_lab_v1_0_S00_AXI_inst/axi_rdata_reg[18]'
INFO: [Synth 8-3886] merging instance 'U0/customip_lab_v1_0_S00_AXI_inst/axi_rdata_reg[18]' (FDRE) to 'U0/customip_lab_v1_0_S00_AXI_inst/axi_rdata_reg[19]'
INFO: [Synth 8-3886] merging instance 'U0/customip_lab_v1_0_S00_AXI_inst/axi_rdata_reg[19]' (FDRE) to 'U0/customip_lab_v1_0_S00_AXI_inst/axi_rdata_reg[20]'
INFO: [Synth 8-3886] merging instance 'U0/customip_lab_v1_0_S00_AXI_inst/axi_rdata_reg[20]' (FDRE) to 'U0/customip_lab_v1_0_S00_AXI_inst/axi_rdata_reg[21]'
INFO: [Synth 8-3886] merging instance 'U0/customip_lab_v1_0_S00_AXI_inst/axi_rdata_reg[21]' (FDRE) to 'U0/customip_lab_v1_0_S00_AXI_inst/axi_rdata_reg[22]'
INFO: [Synth 8-3886] merging instance 'U0/customip_lab_v1_0_S00_AXI_inst/axi_rdata_reg[22]' (FDRE) to 'U0/customip_lab_v1_0_S00_AXI_inst/axi_rdata_reg[23]'
INFO: [Synth 8-3886] merging instance 'U0/customip_lab_v1_0_S00_AXI_inst/axi_rdata_reg[23]' (FDRE) to 'U0/customip_lab_v1_0_S00_AXI_inst/axi_rdata_reg[24]'
INFO: [Synth 8-3886] merging instance 'U0/customip_lab_v1_0_S00_AXI_inst/axi_rdata_reg[24]' (FDRE) to 'U0/customip_lab_v1_0_S00_AXI_inst/axi_rdata_reg[25]'
INFO: [Synth 8-3886] merging instance 'U0/customip_lab_v1_0_S00_AXI_inst/axi_rdata_reg[25]' (FDRE) to 'U0/customip_lab_v1_0_S00_AXI_inst/axi_rdata_reg[26]'
INFO: [Synth 8-3886] merging instance 'U0/customip_lab_v1_0_S00_AXI_inst/axi_rdata_reg[26]' (FDRE) to 'U0/customip_lab_v1_0_S00_AXI_inst/axi_rdata_reg[27]'
INFO: [Synth 8-3886] merging instance 'U0/customip_lab_v1_0_S00_AXI_inst/axi_rdata_reg[27]' (FDRE) to 'U0/customip_lab_v1_0_S00_AXI_inst/axi_rdata_reg[28]'
INFO: [Synth 8-3886] merging instance 'U0/customip_lab_v1_0_S00_AXI_inst/axi_rdata_reg[28]' (FDRE) to 'U0/customip_lab_v1_0_S00_AXI_inst/axi_rdata_reg[29]'
INFO: [Synth 8-3886] merging instance 'U0/customip_lab_v1_0_S00_AXI_inst/axi_rdata_reg[29]' (FDRE) to 'U0/customip_lab_v1_0_S00_AXI_inst/axi_rdata_reg[30]'
INFO: [Synth 8-3886] merging instance 'U0/customip_lab_v1_0_S00_AXI_inst/axi_rdata_reg[30]' (FDRE) to 'U0/customip_lab_v1_0_S00_AXI_inst/axi_rdata_reg[31]'
INFO: [Synth 8-3333] propagating constant 0 across sequential element (\U0/customip_lab_v1_0_S00_AXI_inst/axi_rdata_reg[31] )
INFO: [Synth 8-3886] merging instance 'U0/customip_lab_v1_0_S00_AXI_inst/axi_bresp_reg[0]' (FDRE) to 'U0/customip_lab_v1_0_S00_AXI_inst/axi_bresp_reg[1]'
INFO: [Synth 8-3333] propagating constant 0 across sequential element (\U0/customip_lab_v1_0_S00_AXI_inst/axi_bresp_reg[1] )
INFO: [Synth 8-3332] Sequential element (U0/customip_lab_v1_0_S00_AXI_inst/slv_reg0_reg[31]) is unused and will be removed from module system_customip_lab_0_0.
INFO: [Synth 8-3332] Sequential element (U0/customip_lab_v1_0_S00_AXI_inst/slv_reg0_reg[30]) is unused and will be removed from module system_customip_lab_0_0.
INFO: [Synth 8-3332] Sequential element (U0/customip_lab_v1_0_S00_AXI_inst/slv_reg0_reg[29]) is unused and will be removed from module system_customip_lab_0_0.
INFO: [Synth 8-3332] Sequential element (U0/customip_lab_v1_0_S00_AXI_inst/slv_reg0_reg[28]) is unused and will be removed from module system_customip_lab_0_0.
INFO: [Synth 8-3332] Sequential element (U0/customip_lab_v1_0_S00_AXI_inst/slv_reg0_reg[27]) is unused and will be removed from module system_customip_lab_0_0.
INFO: [Synth 8-3332] Sequential element (U0/customip_lab_v1_0_S00_AXI_inst/slv_reg0_reg[26]) is unused and will be removed from module system_customip_lab_0_0.
INFO: [Synth 8-3332] Sequential element (U0/customip_lab_v1_0_S00_AXI_inst/slv_reg0_reg[25]) is unused and will be removed from module system_customip_lab_0_0.
INFO: [Synth 8-3332] Sequential element (U0/customip_lab_v1_0_S00_AXI_inst/slv_reg0_reg[24]) is unused and will be removed from module system_customip_lab_0_0.
INFO: [Synth 8-3332] Sequential element (U0/customip_lab_v1_0_S00_AXI_inst/slv_reg0_reg[23]) is unused and will be removed from module system_customip_lab_0_0.
INFO: [Synth 8-3332] Sequential element (U0/customip_lab_v1_0_S00_AXI_inst/slv_reg0_reg[22]) is unused and will be removed from module system_customip_lab_0_0.
INFO: [Synth 8-3332] Sequential element (U0/customip_lab_v1_0_S00_AXI_inst/slv_reg0_reg[21]) is unused and will be removed from module system_customip_lab_0_0.
INFO: [Synth 8-3332] Sequential element (U0/customip_lab_v1_0_S00_AXI_inst/slv_reg0_reg[20]) is unused and will be removed from module system_customip_lab_0_0.
INFO: [Synth 8-3332] Sequential element (U0/customip_lab_v1_0_S00_AXI_inst/slv_reg0_reg[19]) is unused and will be removed from module system_customip_lab_0_0.
INFO: [Synth 8-3332] Sequential element (U0/customip_lab_v1_0_S00_AXI_inst/slv_reg0_reg[18]) is unused and will be removed from module system_customip_lab_0_0.
INFO: [Synth 8-3332] Sequential element (U0/customip_lab_v1_0_S00_AXI_inst/slv_reg0_reg[17]) is unused and will be removed from module system_customip_lab_0_0.
INFO: [Synth 8-3332] Sequential element (U0/customip_lab_v1_0_S00_AXI_inst/slv_reg0_reg[16]) is unused and will be removed from module system_customip_lab_0_0.
INFO: [Synth 8-3332] Sequential element (U0/customip_lab_v1_0_S00_AXI_inst/slv_reg0_reg[15]) is unused and will be removed from module system_customip_lab_0_0.
INFO: [Synth 8-3332] Sequential element (U0/customip_lab_v1_0_S00_AXI_inst/slv_reg0_reg[14]) is unused and will be removed from module system_customip_lab_0_0.
INFO: [Synth 8-3332] Sequential element (U0/customip_lab_v1_0_S00_AXI_inst/slv_reg0_reg[13]) is unused and will be removed from module system_customip_lab_0_0.
INFO: [Synth 8-3332] Sequential element (U0/customip_lab_v1_0_S00_AXI_inst/slv_reg0_reg[12]) is unused and will be removed from module system_customip_lab_0_0.
INFO: [Synth 8-3332] Sequential element (U0/customip_lab_v1_0_S00_AXI_inst/slv_reg0_reg[11]) is unused and will be removed from module system_customip_lab_0_0.
INFO: [Synth 8-3332] Sequential element (U0/customip_lab_v1_0_S00_AXI_inst/slv_reg0_reg[10]) is unused and will be removed from module system_customip_lab_0_0.
INFO: [Synth 8-3332] Sequential element (U0/customip_lab_v1_0_S00_AXI_inst/slv_reg0_reg[9]) is unused and will be removed from module system_customip_lab_0_0.
INFO: [Synth 8-3332] Sequential element (U0/customip_lab_v1_0_S00_AXI_inst/slv_reg0_reg[8]) is unused and will be removed from module system_customip_lab_0_0.
INFO: [Synth 8-3332] Sequential element (U0/customip_lab_v1_0_S00_AXI_inst/slv_reg0_reg[7]) is unused and will be removed from module system_customip_lab_0_0.
INFO: [Synth 8-3332] Sequential element (U0/customip_lab_v1_0_S00_AXI_inst/slv_reg0_reg[6]) is unused and will be removed from module system_customip_lab_0_0.
INFO: [Synth 8-3332] Sequential element (U0/customip_lab_v1_0_S00_AXI_inst/slv_reg0_reg[5]) is unused and will be removed from module system_customip_lab_0_0.
INFO: [Synth 8-3332] Sequential element (U0/customip_lab_v1_0_S00_AXI_inst/slv_reg0_reg[4]) is unused and will be removed from module system_customip_lab_0_0.
INFO: [Synth 8-3332] Sequential element (U0/customip_lab_v1_0_S00_AXI_inst/slv_reg0_reg[3]) is unused and will be removed from module system_customip_lab_0_0.
INFO: [Synth 8-3332] Sequential element (U0/customip_lab_v1_0_S00_AXI_inst/slv_reg0_reg[2]) is unused and will be removed from module system_customip_lab_0_0.
INFO: [Synth 8-3332] Sequential element (U0/customip_lab_v1_0_S00_AXI_inst/slv_reg0_reg[1]) is unused and will be removed from module system_customip_lab_0_0.
INFO: [Synth 8-3332] Sequential element (U0/customip_lab_v1_0_S00_AXI_inst/slv_reg0_reg[0]) is unused and will be removed from module system_customip_lab_0_0.
INFO: [Synth 8-3332] Sequential element (U0/customip_lab_v1_0_S00_AXI_inst/slv_reg1_reg[31]) is unused and will be removed from module system_customip_lab_0_0.
INFO: [Synth 8-3332] Sequential element (U0/customip_lab_v1_0_S00_AXI_inst/slv_reg1_reg[30]) is unused and will be removed from module system_customip_lab_0_0.
INFO: [Synth 8-3332] Sequential element (U0/customip_lab_v1_0_S00_AXI_inst/slv_reg1_reg[29]) is unused and will be removed from module system_customip_lab_0_0.
INFO: [Synth 8-3332] Sequential element (U0/customip_lab_v1_0_S00_AXI_inst/slv_reg1_reg[28]) is unused and will be removed from module system_customip_lab_0_0.
INFO: [Synth 8-3332] Sequential element (U0/customip_lab_v1_0_S00_AXI_inst/slv_reg1_reg[27]) is unused and will be removed from module system_customip_lab_0_0.
INFO: [Synth 8-3332] Sequential element (U0/customip_lab_v1_0_S00_AXI_inst/slv_reg1_reg[26]) is unused and will be removed from module system_customip_lab_0_0.
INFO: [Synth 8-3332] Sequential element (U0/customip_lab_v1_0_S00_AXI_inst/slv_reg1_reg[25]) is unused and will be removed from module system_customip_lab_0_0.
INFO: [Synth 8-3332] Sequential element (U0/customip_lab_v1_0_S00_AXI_inst/slv_reg1_reg[24]) is unused and will be removed from module system_customip_lab_0_0.
INFO: [Synth 8-3332] Sequential element (U0/customip_lab_v1_0_S00_AXI_inst/slv_reg1_reg[23]) is unused and will be removed from module system_customip_lab_0_0.
INFO: [Synth 8-3332] Sequential element (U0/customip_lab_v1_0_S00_AXI_inst/slv_reg1_reg[22]) is unused and will be removed from module system_customip_lab_0_0.
INFO: [Synth 8-3332] Sequential element (U0/customip_lab_v1_0_S00_AXI_inst/slv_reg1_reg[21]) is unused and will be removed from module system_customip_lab_0_0.
INFO: [Synth 8-3332] Sequential element (U0/customip_lab_v1_0_S00_AXI_inst/slv_reg1_reg[20]) is unused and will be removed from module system_customip_lab_0_0.
INFO: [Synth 8-3332] Sequential element (U0/customip_lab_v1_0_S00_AXI_inst/slv_reg1_reg[19]) is unused and will be removed from module system_customip_lab_0_0.
INFO: [Synth 8-3332] Sequential element (U0/customip_lab_v1_0_S00_AXI_inst/slv_reg1_reg[18]) is unused and will be removed from module system_customip_lab_0_0.
INFO: [Synth 8-3332] Sequential element (U0/customip_lab_v1_0_S00_AXI_inst/slv_reg1_reg[17]) is unused and will be removed from module system_customip_lab_0_0.
INFO: [Synth 8-3332] Sequential element (U0/customip_lab_v1_0_S00_AXI_inst/slv_reg1_reg[16]) is unused and will be removed from module system_customip_lab_0_0.
INFO: [Synth 8-3332] Sequential element (U0/customip_lab_v1_0_S00_AXI_inst/slv_reg1_reg[15]) is unused and will be removed from module system_customip_lab_0_0.
INFO: [Synth 8-3332] Sequential element (U0/customip_lab_v1_0_S00_AXI_inst/slv_reg1_reg[14]) is unused and will be removed from module system_customip_lab_0_0.
INFO: [Synth 8-3332] Sequential element (U0/customip_lab_v1_0_S00_AXI_inst/slv_reg1_reg[13]) is unused and will be removed from module system_customip_lab_0_0.
INFO: [Synth 8-3332] Sequential element (U0/customip_lab_v1_0_S00_AXI_inst/slv_reg1_reg[12]) is unused and will be removed from module system_customip_lab_0_0.
INFO: [Synth 8-3332] Sequential element (U0/customip_lab_v1_0_S00_AXI_inst/slv_reg1_reg[11]) is unused and will be removed from module system_customip_lab_0_0.
INFO: [Synth 8-3332] Sequential element (U0/customip_lab_v1_0_S00_AXI_inst/slv_reg1_reg[10]) is unused and will be removed from module system_customip_lab_0_0.
INFO: [Synth 8-3332] Sequential element (U0/customip_lab_v1_0_S00_AXI_inst/slv_reg1_reg[9]) is unused and will be removed from module system_customip_lab_0_0.
INFO: [Synth 8-3332] Sequential element (U0/customip_lab_v1_0_S00_AXI_inst/slv_reg1_reg[8]) is unused and will be removed from module system_customip_lab_0_0.
INFO: [Synth 8-3332] Sequential element (U0/customip_lab_v1_0_S00_AXI_inst/slv_reg1_reg[7]) is unused and will be removed from module system_customip_lab_0_0.
INFO: [Synth 8-3332] Sequential element (U0/customip_lab_v1_0_S00_AXI_inst/slv_reg1_reg[6]) is unused and will be removed from module system_customip_lab_0_0.
INFO: [Synth 8-3332] Sequential element (U0/customip_lab_v1_0_S00_AXI_inst/slv_reg1_reg[5]) is unused and will be removed from module system_customip_lab_0_0.
INFO: [Synth 8-3332] Sequential element (U0/customip_lab_v1_0_S00_AXI_inst/slv_reg1_reg[4]) is unused and will be removed from module system_customip_lab_0_0.
INFO: [Synth 8-3332] Sequential element (U0/customip_lab_v1_0_S00_AXI_inst/slv_reg1_reg[3]) is unused and will be removed from module system_customip_lab_0_0.
INFO: [Synth 8-3332] Sequential element (U0/customip_lab_v1_0_S00_AXI_inst/slv_reg1_reg[2]) is unused and will be removed from module system_customip_lab_0_0.
INFO: [Synth 8-3332] Sequential element (U0/customip_lab_v1_0_S00_AXI_inst/slv_reg1_reg[1]) is unused and will be removed from module system_customip_lab_0_0.
INFO: [Synth 8-3332] Sequential element (U0/customip_lab_v1_0_S00_AXI_inst/slv_reg1_reg[0]) is unused and will be removed from module system_customip_lab_0_0.
INFO: [Synth 8-3332] Sequential element (U0/customip_lab_v1_0_S00_AXI_inst/slv_reg2_reg[31]) is unused and will be removed from module system_customip_lab_0_0.
INFO: [Synth 8-3332] Sequential element (U0/customip_lab_v1_0_S00_AXI_inst/slv_reg2_reg[30]) is unused and will be removed from module system_customip_lab_0_0.
INFO: [Synth 8-3332] Sequential element (U0/customip_lab_v1_0_S00_AXI_inst/slv_reg2_reg[29]) is unused and will be removed from module system_customip_lab_0_0.
INFO: [Synth 8-3332] Sequential element (U0/customip_lab_v1_0_S00_AXI_inst/slv_reg2_reg[28]) is unused and will be removed from module system_customip_lab_0_0.
INFO: [Synth 8-3332] Sequential element (U0/customip_lab_v1_0_S00_AXI_inst/slv_reg2_reg[27]) is unused and will be removed from module system_customip_lab_0_0.
INFO: [Synth 8-3332] Sequential element (U0/customip_lab_v1_0_S00_AXI_inst/slv_reg2_reg[26]) is unused and will be removed from module system_customip_lab_0_0.
INFO: [Synth 8-3332] Sequential element (U0/customip_lab_v1_0_S00_AXI_inst/slv_reg2_reg[25]) is unused and will be removed from module system_customip_lab_0_0.
INFO: [Synth 8-3332] Sequential element (U0/customip_lab_v1_0_S00_AXI_inst/slv_reg2_reg[24]) is unused and will be removed from module system_customip_lab_0_0.
INFO: [Synth 8-3332] Sequential element (U0/customip_lab_v1_0_S00_AXI_inst/slv_reg2_reg[23]) is unused and will be removed from module system_customip_lab_0_0.
INFO: [Synth 8-3332] Sequential element (U0/customip_lab_v1_0_S00_AXI_inst/slv_reg2_reg[22]) is unused and will be removed from module system_customip_lab_0_0.
INFO: [Synth 8-3332] Sequential element (U0/customip_lab_v1_0_S00_AXI_inst/slv_reg2_reg[21]) is unused and will be removed from module system_customip_lab_0_0.
INFO: [Synth 8-3332] Sequential element (U0/customip_lab_v1_0_S00_AXI_inst/slv_reg2_reg[20]) is unused and will be removed from module system_customip_lab_0_0.
INFO: [Synth 8-3332] Sequential element (U0/customip_lab_v1_0_S00_AXI_inst/slv_reg2_reg[19]) is unused and will be removed from module system_customip_lab_0_0.
INFO: [Synth 8-3332] Sequential element (U0/customip_lab_v1_0_S00_AXI_inst/slv_reg2_reg[18]) is unused and will be removed from module system_customip_lab_0_0.
INFO: [Synth 8-3332] Sequential element (U0/customip_lab_v1_0_S00_AXI_inst/slv_reg2_reg[17]) is unused and will be removed from module system_customip_lab_0_0.
INFO: [Synth 8-3332] Sequential element (U0/customip_lab_v1_0_S00_AXI_inst/slv_reg2_reg[16]) is unused and will be removed from module system_customip_lab_0_0.
INFO: [Synth 8-3332] Sequential element (U0/customip_lab_v1_0_S00_AXI_inst/slv_reg2_reg[15]) is unused and will be removed from module system_customip_lab_0_0.
INFO: [Synth 8-3332] Sequential element (U0/customip_lab_v1_0_S00_AXI_inst/slv_reg2_reg[14]) is unused and will be removed from module system_customip_lab_0_0.
INFO: [Synth 8-3332] Sequential element (U0/customip_lab_v1_0_S00_AXI_inst/slv_reg2_reg[13]) is unused and will be removed from module system_customip_lab_0_0.
INFO: [Synth 8-3332] Sequential element (U0/customip_lab_v1_0_S00_AXI_inst/slv_reg2_reg[12]) is unused and will be removed from module system_customip_lab_0_0.
INFO: [Synth 8-3332] Sequential element (U0/customip_lab_v1_0_S00_AXI_inst/slv_reg2_reg[11]) is unused and will be removed from module system_customip_lab_0_0.
INFO: [Synth 8-3332] Sequential element (U0/customip_lab_v1_0_S00_AXI_inst/slv_reg2_reg[10]) is unused and will be removed from module system_customip_lab_0_0.
INFO: [Synth 8-3332] Sequential element (U0/customip_lab_v1_0_S00_AXI_inst/slv_reg2_reg[9]) is unused and will be removed from module system_customip_lab_0_0.
INFO: [Synth 8-3332] Sequential element (U0/customip_lab_v1_0_S00_AXI_inst/slv_reg2_reg[8]) is unused and will be removed from module system_customip_lab_0_0.
INFO: [Synth 8-3332] Sequential element (U0/customip_lab_v1_0_S00_AXI_inst/slv_reg2_reg[7]) is unused and will be removed from module system_customip_lab_0_0.
INFO: [Synth 8-3332] Sequential element (U0/customip_lab_v1_0_S00_AXI_inst/slv_reg2_reg[6]) is unused and will be removed from module system_customip_lab_0_0.
INFO: [Synth 8-3332] Sequential element (U0/customip_lab_v1_0_S00_AXI_inst/slv_reg2_reg[5]) is unused and will be removed from module system_customip_lab_0_0.
INFO: [Synth 8-3332] Sequential element (U0/customip_lab_v1_0_S00_AXI_inst/slv_reg2_reg[4]) is unused and will be removed from module system_customip_lab_0_0.
INFO: [Synth 8-3332] Sequential element (U0/customip_lab_v1_0_S00_AXI_inst/slv_reg2_reg[3]) is unused and will be removed from module system_customip_lab_0_0.
INFO: [Synth 8-3332] Sequential element (U0/customip_lab_v1_0_S00_AXI_inst/slv_reg2_reg[2]) is unused and will be removed from module system_customip_lab_0_0.
INFO: [Synth 8-3332] Sequential element (U0/customip_lab_v1_0_S00_AXI_inst/slv_reg2_reg[1]) is unused and will be removed from module system_customip_lab_0_0.
INFO: [Synth 8-3332] Sequential element (U0/customip_lab_v1_0_S00_AXI_inst/slv_reg2_reg[0]) is unused and will be removed from module system_customip_lab_0_0.
INFO: [Synth 8-3332] Sequential element (U0/customip_lab_v1_0_S00_AXI_inst/slv_reg3_reg[31]) is unused and will be removed from module system_customip_lab_0_0.
INFO: [Synth 8-3332] Sequential element (U0/customip_lab_v1_0_S00_AXI_inst/slv_reg3_reg[30]) is unused and will be removed from module system_customip_lab_0_0.
INFO: [Synth 8-3332] Sequential element (U0/customip_lab_v1_0_S00_AXI_inst/slv_reg3_reg[29]) is unused and will be removed from module system_customip_lab_0_0.
INFO: [Synth 8-3332] Sequential element (U0/customip_lab_v1_0_S00_AXI_inst/slv_reg3_reg[28]) is unused and will be removed from module system_customip_lab_0_0.
INFO: [Common 17-14] Message 'Synth 8-3332' appears 100 times and further instances of the messages will be disabled. Use the Tcl command set_msg_config to change the current settings.
---------------------------------------------------------------------------------
Finished Cross Boundary and Area Optimization : Time (s): cpu = 00:00:19 ; elapsed = 00:00:21 . Memory (MB): peak = 688.598 ; gain = 444.844
---------------------------------------------------------------------------------

Report RTL Partitions: 
+-+--------------+------------+----------+
| |RTL Partition |Replication |Instances |
+-+--------------+------------+----------+
+-+--------------+------------+----------+
---------------------------------------------------------------------------------
Start Applying XDC Timing Constraints
---------------------------------------------------------------------------------
---------------------------------------------------------------------------------
Finished Applying XDC Timing Constraints : Time (s): cpu = 00:00:28 ; elapsed = 00:00:30 . Memory (MB): peak = 688.598 ; gain = 444.844
---------------------------------------------------------------------------------
---------------------------------------------------------------------------------
Start Timing Optimization
---------------------------------------------------------------------------------
---------------------------------------------------------------------------------
Finished Timing Optimization : Time (s): cpu = 00:00:28 ; elapsed = 00:00:30 . Memory (MB): peak = 688.598 ; gain = 444.844
---------------------------------------------------------------------------------

Report RTL Partitions: 
+-+--------------+------------+----------+
| |RTL Partition |Replication |Instances |
+-+--------------+------------+----------+
+-+--------------+------------+----------+
---------------------------------------------------------------------------------
Start Technology Mapping
---------------------------------------------------------------------------------
---------------------------------------------------------------------------------
Finished Technology Mapping : Time (s): cpu = 00:00:28 ; elapsed = 00:00:30 . Memory (MB): peak = 688.598 ; gain = 444.844
---------------------------------------------------------------------------------

Report RTL Partitions: 
+-+--------------+------------+----------+
| |RTL Partition |Replication |Instances |
+-+--------------+------------+----------+
+-+--------------+------------+----------+
---------------------------------------------------------------------------------
Start IO Insertion
---------------------------------------------------------------------------------
---------------------------------------------------------------------------------
Start Flattening Before IO Insertion
---------------------------------------------------------------------------------
---------------------------------------------------------------------------------
Finished Flattening Before IO Insertion
---------------------------------------------------------------------------------
---------------------------------------------------------------------------------
Start Final Netlist Cleanup
---------------------------------------------------------------------------------
---------------------------------------------------------------------------------
Finished Final Netlist Cleanup
---------------------------------------------------------------------------------
---------------------------------------------------------------------------------
Finished IO Insertion : Time (s): cpu = 00:00:29 ; elapsed = 00:00:30 . Memory (MB): peak = 688.598 ; gain = 444.844
---------------------------------------------------------------------------------

Report Check Netlist: 
+------+------------------+-------+---------+-------+------------------+
|      |Item              |Errors |Warnings |Status |Description       |
+------+------------------+-------+---------+-------+------------------+
|1     |multi_driven_nets |      0|        0|Passed |Multi driven nets |
+------+------------------+-------+---------+-------+------------------+
---------------------------------------------------------------------------------
Start Renaming Generated Instances
---------------------------------------------------------------------------------
---------------------------------------------------------------------------------
Finished Renaming Generated Instances : Time (s): cpu = 00:00:29 ; elapsed = 00:00:30 . Memory (MB): peak = 688.598 ; gain = 444.844
---------------------------------------------------------------------------------

Report RTL Partitions: 
+-+--------------+------------+----------+
| |RTL Partition |Replication |Instances |
+-+--------------+------------+----------+
+-+--------------+------------+----------+
---------------------------------------------------------------------------------
Start Rebuilding User Hierarchy
---------------------------------------------------------------------------------
---------------------------------------------------------------------------------
Finished Rebuilding User Hierarchy : Time (s): cpu = 00:00:29 ; elapsed = 00:00:30 . Memory (MB): peak = 688.598 ; gain = 444.844
---------------------------------------------------------------------------------
---------------------------------------------------------------------------------
Start Renaming Generated Ports
---------------------------------------------------------------------------------
---------------------------------------------------------------------------------
Finished Renaming Generated Ports : Time (s): cpu = 00:00:29 ; elapsed = 00:00:30 . Memory (MB): peak = 688.598 ; gain = 444.844
---------------------------------------------------------------------------------
---------------------------------------------------------------------------------
Start Handling Custom Attributes
---------------------------------------------------------------------------------
---------------------------------------------------------------------------------
Finished Handling Custom Attributes : Time (s): cpu = 00:00:29 ; elapsed = 00:00:30 . Memory (MB): peak = 688.598 ; gain = 444.844
---------------------------------------------------------------------------------
---------------------------------------------------------------------------------
Start Renaming Generated Nets
---------------------------------------------------------------------------------
---------------------------------------------------------------------------------
Finished Renaming Generated Nets : Time (s): cpu = 00:00:29 ; elapsed = 00:00:30 . Memory (MB): peak = 688.598 ; gain = 444.844
---------------------------------------------------------------------------------
---------------------------------------------------------------------------------
Start Writing Synthesis Report
---------------------------------------------------------------------------------

Report BlackBoxes: 
+-+--------------+----------+
| |BlackBox name |Instances |
+-+--------------+----------+
+-+--------------+----------+

Report Cell Usage: 
+------+-----+------+
|      |Cell |Count |
+------+-----+------+
|1     |LUT1 |     1|
|2     |LUT2 |     1|
|3     |LUT3 |     2|
|4     |LUT4 |     1|
|5     |LUT6 |     1|
|6     |FDRE |     5|
+------+-----+------+

Report Instance Areas: 
+------+-----------------------------------+--------------------------+------+
|      |Instance                           |Module                    |Cells |
+------+-----------------------------------+--------------------------+------+
|1     |top                                |                          |    11|
|2     |  U0                               |customip_lab_v1_0         |    11|
|3     |    customip_lab_v1_0_S00_AXI_inst |customip_lab_v1_0_S00_AXI |    11|
+------+-----------------------------------+--------------------------+------+
---------------------------------------------------------------------------------
Finished Writing Synthesis Report : Time (s): cpu = 00:00:29 ; elapsed = 00:00:30 . Memory (MB): peak = 688.598 ; gain = 444.844
---------------------------------------------------------------------------------
Synthesis finished with 0 errors, 0 critical warnings and 8 warnings.
Synthesis Optimization Runtime : Time (s): cpu = 00:00:13 ; elapsed = 00:00:25 . Memory (MB): peak = 688.598 ; gain = 201.742
Synthesis Optimization Complete : Time (s): cpu = 00:00:29 ; elapsed = 00:00:30 . Memory (MB): peak = 688.598 ; gain = 444.844
INFO: [Project 1-571] Translating synthesized netlist
INFO: [Project 1-570] Preparing netlist for logic optimization
INFO: [Opt 31-138] Pushed 0 inverter(s) to 0 load pin(s).
INFO: [Project 1-111] Unisim Transformation Summary:
No Unisim elements were transformed.

167 Infos, 124 Warnings, 3 Critical Warnings and 0 Errors encountered.
synth_design completed successfully
synth_design: Time (s): cpu = 00:00:30 ; elapsed = 00:00:32 . Memory (MB): peak = 688.598 ; gain = 450.484
INFO: [Common 17-1381] The checkpoint 'C:/Users/X4/Documents/GitHub/valjean-nnet/custom_ip/New folder/custom_ip_lab/custom_ip_lab.runs/system_customip_lab_0_0_synth_1/system_customip_lab_0_0.dcp' has been generated.
INFO: [Coretcl 2-1482] Added synthesis output to IP cache for IP c:/Users/X4/Documents/GitHub/valjean-nnet/custom_ip/New folder/custom_ip_lab/custom_ip_lab.srcs/sources_1/bd/system/ip/system_customip_lab_0_0/system_customip_lab_0_0.xci
INFO: [Coretcl 2-1174] Renamed 2 cell refs.
INFO: [Common 17-1381] The checkpoint 'C:/Users/X4/Documents/GitHub/valjean-nnet/custom_ip/New folder/custom_ip_lab/custom_ip_lab.runs/system_customip_lab_0_0_synth_1/system_customip_lab_0_0.dcp' has been generated.
report_utilization: Time (s): cpu = 00:00:00 ; elapsed = 00:00:00.017 . Memory (MB): peak = 688.598 ; gain = 0.000
INFO: [Common 17-206] Exiting Vivado at Wed Apr 17 14:28:37 2019...
