
*** Running vivado
    with args -log design_1_system_ila_0_0.vds -m64 -product Vivado -mode batch -messageDb vivado.pb -notrace -source design_1_system_ila_0_0.tcl


****** Vivado v2017.2 (64-bit)
  **** SW Build 1909853 on Thu Jun 15 18:39:09 MDT 2017
  **** IP Build 1909766 on Thu Jun 15 19:58:00 MDT 2017
    ** Copyright 1986-2017 Xilinx, Inc. All Rights Reserved.

source design_1_system_ila_0_0.tcl -notrace
Starting RTL Elaboration : Time (s): cpu = 00:00:05 ; elapsed = 00:00:05 . Memory (MB): peak = 413.535 ; gain = 95.809
INFO: [Synth 8-638] synthesizing module 'design_1_system_ila_0_0' [d:/Labs/custom_ip/custom_ip/custom_ip.srcs/sources_1/bd/design_1/ip/design_1_system_ila_0_0/synth/design_1_system_ila_0_0.vhd:82]
INFO: [Synth 8-638] synthesizing module 'bd_f60c' [d:/Labs/custom_ip/custom_ip/custom_ip.srcs/sources_1/bd/design_1/ip/design_1_system_ila_0_0/bd_0/hdl/bd_f60c.vhd:44]
INFO: [Synth 8-638] synthesizing module 'bd_f60c_g_inst_0' [d:/Labs/custom_ip/custom_ip/custom_ip.srcs/sources_1/bd/design_1/ip/design_1_system_ila_0_0/bd_0/ip/ip_1/synth/bd_f60c_g_inst_0.v:116]
INFO: [Synth 8-638] synthesizing module 'bd_f60c_g_inst_0_gigantic_mux' [d:/Labs/custom_ip/custom_ip/custom_ip.srcs/sources_1/bd/design_1/ip/design_1_system_ila_0_0/bd_0/ip/ip_1/bd_f60c_g_inst_0_gigantic_mux.v:63]
INFO: [Synth 8-256] done synthesizing module 'bd_f60c_g_inst_0_gigantic_mux' (2#1) [d:/Labs/custom_ip/custom_ip/custom_ip.srcs/sources_1/bd/design_1/ip/design_1_system_ila_0_0/bd_0/ip/ip_1/bd_f60c_g_inst_0_gigantic_mux.v:63]
INFO: [Synth 8-256] done synthesizing module 'bd_f60c_g_inst_0' (3#1) [d:/Labs/custom_ip/custom_ip/custom_ip.srcs/sources_1/bd/design_1/ip/design_1_system_ila_0_0/bd_0/ip/ip_1/synth/bd_f60c_g_inst_0.v:116]
INFO: [Synth 8-638] synthesizing module 'bd_f60c_ila_lib_0' [d:/Labs/custom_ip/custom_ip/custom_ip.srcs/sources_1/bd/design_1/ip/design_1_system_ila_0_0/bd_0/ip/ip_0/synth/bd_f60c_ila_lib_0.vhd:79]
INFO: [Synth 8-638] synthesizing module 'CFGLUT5' [D:/Programs2/Xilinx/Vivado/2017.2/scripts/rt/data/unisim_comp.v:998]
INFO: [Synth 8-256] done synthesizing module 'CFGLUT5' (11#1) [D:/Programs2/Xilinx/Vivado/2017.2/scripts/rt/data/unisim_comp.v:998]
INFO: [Synth 8-638] synthesizing module 'CARRY4' [D:/Programs2/Xilinx/Vivado/2017.2/scripts/rt/data/unisim_comp.v:961]
INFO: [Synth 8-256] done synthesizing module 'CARRY4' (12#1) [D:/Programs2/Xilinx/Vivado/2017.2/scripts/rt/data/unisim_comp.v:961]
INFO: [Synth 8-638] synthesizing module 'SRLC32E' [D:/Programs2/Xilinx/Vivado/2017.2/scripts/rt/data/unisim_comp.v:43823]
INFO: [Synth 8-256] done synthesizing module 'SRLC32E' (22#1) [D:/Programs2/Xilinx/Vivado/2017.2/scripts/rt/data/unisim_comp.v:43823]
INFO: [Synth 8-638] synthesizing module 'SRL16E' [D:/Programs2/Xilinx/Vivado/2017.2/scripts/rt/data/unisim_comp.v:43673]
INFO: [Synth 8-256] done synthesizing module 'SRL16E' (24#1) [D:/Programs2/Xilinx/Vivado/2017.2/scripts/rt/data/unisim_comp.v:43673]
INFO: [Synth 8-638] synthesizing module 'SRLC16E' [D:/Programs2/Xilinx/Vivado/2017.2/scripts/rt/data/unisim_comp.v:43762]
INFO: [Synth 8-256] done synthesizing module 'SRLC16E' (26#1) [D:/Programs2/Xilinx/Vivado/2017.2/scripts/rt/data/unisim_comp.v:43762]
INFO: [Synth 8-638] synthesizing module 'FDRE' [D:/Programs2/Xilinx/Vivado/2017.2/scripts/rt/data/unisim_comp.v:3964]
INFO: [Synth 8-256] done synthesizing module 'FDRE' (31#1) [D:/Programs2/Xilinx/Vivado/2017.2/scripts/rt/data/unisim_comp.v:3964]
INFO: [Synth 8-256] done synthesizing module 'bd_f60c_ila_lib_0' (49#1) [d:/Labs/custom_ip/custom_ip/custom_ip.srcs/sources_1/bd/design_1/ip/design_1_system_ila_0_0/bd_0/ip/ip_0/synth/bd_f60c_ila_lib_0.vhd:79]
INFO: [Synth 8-638] synthesizing module 'bd_f60c_slot_0_ar_0' [d:/Labs/custom_ip/custom_ip/custom_ip.srcs/sources_1/bd/design_1/ip/design_1_system_ila_0_0/bd_0/ip/ip_5/synth/bd_f60c_slot_0_ar_0.v:58]
INFO: [Synth 8-638] synthesizing module 'xlconcat_v2_1_1_xlconcat' [d:/Labs/custom_ip/custom_ip/custom_ip.srcs/sources_1/bd/design_1/ipshared/73b7/hdl/xlconcat_v2_1_vl_rfs.v:14]
INFO: [Synth 8-256] done synthesizing module 'xlconcat_v2_1_1_xlconcat' (50#1) [d:/Labs/custom_ip/custom_ip/custom_ip.srcs/sources_1/bd/design_1/ipshared/73b7/hdl/xlconcat_v2_1_vl_rfs.v:14]
INFO: [Synth 8-256] done synthesizing module 'bd_f60c_slot_0_ar_0' (51#1) [d:/Labs/custom_ip/custom_ip/custom_ip.srcs/sources_1/bd/design_1/ip/design_1_system_ila_0_0/bd_0/ip/ip_5/synth/bd_f60c_slot_0_ar_0.v:58]
INFO: [Synth 8-638] synthesizing module 'bd_f60c_slot_0_aw_0' [d:/Labs/custom_ip/custom_ip/custom_ip.srcs/sources_1/bd/design_1/ip/design_1_system_ila_0_0/bd_0/ip/ip_2/synth/bd_f60c_slot_0_aw_0.v:58]
INFO: [Synth 8-256] done synthesizing module 'bd_f60c_slot_0_aw_0' (52#1) [d:/Labs/custom_ip/custom_ip/custom_ip.srcs/sources_1/bd/design_1/ip/design_1_system_ila_0_0/bd_0/ip/ip_2/synth/bd_f60c_slot_0_aw_0.v:58]
INFO: [Synth 8-638] synthesizing module 'bd_f60c_slot_0_b_0' [d:/Labs/custom_ip/custom_ip/custom_ip.srcs/sources_1/bd/design_1/ip/design_1_system_ila_0_0/bd_0/ip/ip_4/synth/bd_f60c_slot_0_b_0.v:58]
INFO: [Synth 8-256] done synthesizing module 'bd_f60c_slot_0_b_0' (53#1) [d:/Labs/custom_ip/custom_ip/custom_ip.srcs/sources_1/bd/design_1/ip/design_1_system_ila_0_0/bd_0/ip/ip_4/synth/bd_f60c_slot_0_b_0.v:58]
INFO: [Synth 8-638] synthesizing module 'bd_f60c_slot_0_r_0' [d:/Labs/custom_ip/custom_ip/custom_ip.srcs/sources_1/bd/design_1/ip/design_1_system_ila_0_0/bd_0/ip/ip_6/synth/bd_f60c_slot_0_r_0.v:58]
INFO: [Synth 8-256] done synthesizing module 'bd_f60c_slot_0_r_0' (54#1) [d:/Labs/custom_ip/custom_ip/custom_ip.srcs/sources_1/bd/design_1/ip/design_1_system_ila_0_0/bd_0/ip/ip_6/synth/bd_f60c_slot_0_r_0.v:58]
INFO: [Synth 8-638] synthesizing module 'bd_f60c_slot_0_w_0' [d:/Labs/custom_ip/custom_ip/custom_ip.srcs/sources_1/bd/design_1/ip/design_1_system_ila_0_0/bd_0/ip/ip_3/synth/bd_f60c_slot_0_w_0.v:58]
INFO: [Synth 8-256] done synthesizing module 'bd_f60c_slot_0_w_0' (55#1) [d:/Labs/custom_ip/custom_ip/custom_ip.srcs/sources_1/bd/design_1/ip/design_1_system_ila_0_0/bd_0/ip/ip_3/synth/bd_f60c_slot_0_w_0.v:58]
INFO: [Synth 8-256] done synthesizing module 'bd_f60c' (56#1) [d:/Labs/custom_ip/custom_ip/custom_ip.srcs/sources_1/bd/design_1/ip/design_1_system_ila_0_0/bd_0/hdl/bd_f60c.vhd:44]
INFO: [Synth 8-256] done synthesizing module 'design_1_system_ila_0_0' (57#1) [d:/Labs/custom_ip/custom_ip/custom_ip.srcs/sources_1/bd/design_1/ip/design_1_system_ila_0_0/synth/design_1_system_ila_0_0.vhd:82]
Finished RTL Elaboration : Time (s): cpu = 00:00:56 ; elapsed = 00:00:57 . Memory (MB): peak = 744.996 ; gain = 427.270
Finished RTL Optimization Phase 1 : Time (s): cpu = 00:00:56 ; elapsed = 00:00:58 . Memory (MB): peak = 744.996 ; gain = 427.270
INFO: [Device 21-403] Loading part xc7z020clg484-1
Constraint Validation Runtime : Time (s): cpu = 00:00:00 ; elapsed = 00:00:00.067 . Memory (MB): peak = 824.672 ; gain = 0.000
Finished Constraint Validation : Time (s): cpu = 00:01:08 ; elapsed = 00:01:10 . Memory (MB): peak = 824.672 ; gain = 506.945
Finished Loading Part and Timing Information : Time (s): cpu = 00:01:08 ; elapsed = 00:01:10 . Memory (MB): peak = 824.672 ; gain = 506.945
Finished applying 'set_property' XDC Constraints : Time (s): cpu = 00:01:08 ; elapsed = 00:01:10 . Memory (MB): peak = 824.672 ; gain = 506.945
Finished RTL Optimization Phase 2 : Time (s): cpu = 00:01:10 ; elapsed = 00:01:12 . Memory (MB): peak = 824.672 ; gain = 506.945
Finished Cross Boundary and Area Optimization : Time (s): cpu = 00:01:17 ; elapsed = 00:01:19 . Memory (MB): peak = 824.672 ; gain = 506.945
Finished Applying XDC Timing Constraints : Time (s): cpu = 00:01:24 ; elapsed = 00:01:27 . Memory (MB): peak = 824.672 ; gain = 506.945
Finished Timing Optimization : Time (s): cpu = 00:01:25 ; elapsed = 00:01:27 . Memory (MB): peak = 824.672 ; gain = 506.945
Finished Technology Mapping : Time (s): cpu = 00:01:26 ; elapsed = 00:01:28 . Memory (MB): peak = 824.672 ; gain = 506.945
Finished IO Insertion : Time (s): cpu = 00:01:26 ; elapsed = 00:01:29 . Memory (MB): peak = 824.672 ; gain = 506.945
Finished Renaming Generated Instances : Time (s): cpu = 00:01:26 ; elapsed = 00:01:29 . Memory (MB): peak = 824.672 ; gain = 506.945
Finished Rebuilding User Hierarchy : Time (s): cpu = 00:01:27 ; elapsed = 00:01:29 . Memory (MB): peak = 824.672 ; gain = 506.945
Finished Renaming Generated Ports : Time (s): cpu = 00:01:27 ; elapsed = 00:01:29 . Memory (MB): peak = 824.672 ; gain = 506.945
Finished Handling Custom Attributes : Time (s): cpu = 00:01:27 ; elapsed = 00:01:29 . Memory (MB): peak = 824.672 ; gain = 506.945
Finished Renaming Generated Nets : Time (s): cpu = 00:01:27 ; elapsed = 00:01:29 . Memory (MB): peak = 824.672 ; gain = 506.945

Report Cell Usage: 
+------+---------+------+
|      |Cell     |Count |
+------+---------+------+
|1     |CARRY4   |    55|
|2     |CFGLUT5  |   154|
|3     |LUT1     |    45|
|4     |LUT2     |    65|
|5     |LUT3     |   111|
|6     |LUT4     |   243|
|7     |LUT5     |   136|
|8     |LUT6     |   646|
|9     |MUXF7    |    45|
|10    |MUXF8    |    16|
|11    |RAMB36E1 |     3|
|12    |SRL16E   |   108|
|13    |SRLC16E  |     2|
|14    |SRLC32E  |    17|
|15    |FDRE     |  2114|
|16    |FDSE     |     9|
+------+---------+------+
Finished Writing Synthesis Report : Time (s): cpu = 00:01:27 ; elapsed = 00:01:29 . Memory (MB): peak = 824.672 ; gain = 506.945
synth_design: Time (s): cpu = 00:01:30 ; elapsed = 00:01:32 . Memory (MB): peak = 824.672 ; gain = 506.945
