
*** Running vivado
    with args -log system_rst_ps7_0_100M_0.vds -m64 -product Vivado -mode batch -messageDb vivado.pb -notrace -source system_rst_ps7_0_100M_0.tcl


****** Vivado v2017.2 (64-bit)
  **** SW Build 1909853 on Thu Jun 15 18:39:10 MDT 2017
  **** IP Build 1909766 on Thu Jun 15 19:58:00 MDT 2017
    ** Copyright 1986-2017 Xilinx, Inc. All Rights Reserved.

source system_rst_ps7_0_100M_0.tcl -notrace
Starting RTL Elaboration : Time (s): cpu = 00:00:03 ; elapsed = 00:00:04 . Memory (MB): peak = 1149.527 ; gain = 48.996 ; free physical = 45781 ; free virtual = 57825
INFO: [Synth 8-638] synthesizing module 'system_rst_ps7_0_100M_0' [/home/wmpmiles/courses/comp4601/valjean-nnet/bnn_rtl/bnn_rtl.srcs/sources_1/bd/system/ip/system_rst_ps7_0_100M_0/synth/system_rst_ps7_0_100M_0.vhd:74]
INFO: [Synth 8-638] synthesizing module 'proc_sys_reset' [/home/wmpmiles/courses/comp4601/valjean-nnet/bnn_rtl/bnn_rtl.srcs/sources_1/bd/system/ipshared/5db7/hdl/proc_sys_reset_v5_0_vh_rfs.vhd:1323]
INFO: [Synth 8-638] synthesizing module 'lpf' [/home/wmpmiles/courses/comp4601/valjean-nnet/bnn_rtl/bnn_rtl.srcs/sources_1/bd/system/ipshared/5db7/hdl/proc_sys_reset_v5_0_vh_rfs.vhd:816]
INFO: [Synth 8-638] synthesizing module 'SRL16' [/opt/Xilinx/Vivado/2017.2/scripts/rt/data/unisim_comp.v:43657]
INFO: [Synth 8-256] done synthesizing module 'SRL16' (1#1) [/opt/Xilinx/Vivado/2017.2/scripts/rt/data/unisim_comp.v:43657]
INFO: [Synth 8-638] synthesizing module 'cdc_sync' [/home/wmpmiles/courses/comp4601/valjean-nnet/bnn_rtl/bnn_rtl.srcs/sources_1/bd/system/ipshared/52cb/hdl/lib_cdc_v1_0_rfs.vhd:106]
INFO: [Synth 8-256] done synthesizing module 'cdc_sync' (2#1) [/home/wmpmiles/courses/comp4601/valjean-nnet/bnn_rtl/bnn_rtl.srcs/sources_1/bd/system/ipshared/52cb/hdl/lib_cdc_v1_0_rfs.vhd:106]
INFO: [Synth 8-256] done synthesizing module 'lpf' (3#1) [/home/wmpmiles/courses/comp4601/valjean-nnet/bnn_rtl/bnn_rtl.srcs/sources_1/bd/system/ipshared/5db7/hdl/proc_sys_reset_v5_0_vh_rfs.vhd:816]
INFO: [Synth 8-638] synthesizing module 'sequence_psr' [/home/wmpmiles/courses/comp4601/valjean-nnet/bnn_rtl/bnn_rtl.srcs/sources_1/bd/system/ipshared/5db7/hdl/proc_sys_reset_v5_0_vh_rfs.vhd:301]
INFO: [Synth 8-638] synthesizing module 'upcnt_n' [/home/wmpmiles/courses/comp4601/valjean-nnet/bnn_rtl/bnn_rtl.srcs/sources_1/bd/system/ipshared/5db7/hdl/proc_sys_reset_v5_0_vh_rfs.vhd:125]
INFO: [Synth 8-256] done synthesizing module 'upcnt_n' (4#1) [/home/wmpmiles/courses/comp4601/valjean-nnet/bnn_rtl/bnn_rtl.srcs/sources_1/bd/system/ipshared/5db7/hdl/proc_sys_reset_v5_0_vh_rfs.vhd:125]
INFO: [Synth 8-256] done synthesizing module 'sequence_psr' (5#1) [/home/wmpmiles/courses/comp4601/valjean-nnet/bnn_rtl/bnn_rtl.srcs/sources_1/bd/system/ipshared/5db7/hdl/proc_sys_reset_v5_0_vh_rfs.vhd:301]
INFO: [Synth 8-256] done synthesizing module 'proc_sys_reset' (6#1) [/home/wmpmiles/courses/comp4601/valjean-nnet/bnn_rtl/bnn_rtl.srcs/sources_1/bd/system/ipshared/5db7/hdl/proc_sys_reset_v5_0_vh_rfs.vhd:1323]
INFO: [Synth 8-256] done synthesizing module 'system_rst_ps7_0_100M_0' (7#1) [/home/wmpmiles/courses/comp4601/valjean-nnet/bnn_rtl/bnn_rtl.srcs/sources_1/bd/system/ip/system_rst_ps7_0_100M_0/synth/system_rst_ps7_0_100M_0.vhd:74]
Finished RTL Elaboration : Time (s): cpu = 00:00:04 ; elapsed = 00:00:04 . Memory (MB): peak = 1191.027 ; gain = 90.496 ; free physical = 45723 ; free virtual = 57768
Finished RTL Optimization Phase 1 : Time (s): cpu = 00:00:04 ; elapsed = 00:00:04 . Memory (MB): peak = 1191.027 ; gain = 90.496 ; free physical = 45763 ; free virtual = 57809
INFO: [Device 21-403] Loading part xc7z020clg484-1
Constraint Validation Runtime : Time (s): cpu = 00:00:00.02 ; elapsed = 00:00:00.01 . Memory (MB): peak = 1610.137 ; gain = 0.000 ; free physical = 45128 ; free virtual = 57194
Finished Constraint Validation : Time (s): cpu = 00:00:12 ; elapsed = 00:00:52 . Memory (MB): peak = 1610.137 ; gain = 509.605 ; free physical = 45223 ; free virtual = 57268
Finished Loading Part and Timing Information : Time (s): cpu = 00:00:12 ; elapsed = 00:00:52 . Memory (MB): peak = 1610.137 ; gain = 509.605 ; free physical = 45223 ; free virtual = 57268
Finished applying 'set_property' XDC Constraints : Time (s): cpu = 00:00:12 ; elapsed = 00:00:52 . Memory (MB): peak = 1610.137 ; gain = 509.605 ; free physical = 45225 ; free virtual = 57270
Finished RTL Optimization Phase 2 : Time (s): cpu = 00:00:12 ; elapsed = 00:00:52 . Memory (MB): peak = 1610.137 ; gain = 509.605 ; free physical = 45215 ; free virtual = 57260
Finished Cross Boundary and Area Optimization : Time (s): cpu = 00:00:12 ; elapsed = 00:00:53 . Memory (MB): peak = 1610.137 ; gain = 509.605 ; free physical = 45212 ; free virtual = 57257
Finished Applying XDC Timing Constraints : Time (s): cpu = 00:00:17 ; elapsed = 00:00:58 . Memory (MB): peak = 1610.137 ; gain = 509.605 ; free physical = 44845 ; free virtual = 56920
Finished Timing Optimization : Time (s): cpu = 00:00:17 ; elapsed = 00:00:58 . Memory (MB): peak = 1610.137 ; gain = 509.605 ; free physical = 44844 ; free virtual = 56920
Finished Technology Mapping : Time (s): cpu = 00:00:17 ; elapsed = 00:00:58 . Memory (MB): peak = 1610.137 ; gain = 509.605 ; free physical = 44842 ; free virtual = 56917
Finished IO Insertion : Time (s): cpu = 00:00:18 ; elapsed = 00:00:58 . Memory (MB): peak = 1610.137 ; gain = 509.605 ; free physical = 44842 ; free virtual = 56917
Finished Renaming Generated Instances : Time (s): cpu = 00:00:18 ; elapsed = 00:00:58 . Memory (MB): peak = 1610.137 ; gain = 509.605 ; free physical = 44842 ; free virtual = 56917
Finished Rebuilding User Hierarchy : Time (s): cpu = 00:00:18 ; elapsed = 00:00:58 . Memory (MB): peak = 1610.137 ; gain = 509.605 ; free physical = 44842 ; free virtual = 56917
Finished Renaming Generated Ports : Time (s): cpu = 00:00:18 ; elapsed = 00:00:58 . Memory (MB): peak = 1610.137 ; gain = 509.605 ; free physical = 44842 ; free virtual = 56917
Finished Handling Custom Attributes : Time (s): cpu = 00:00:18 ; elapsed = 00:00:58 . Memory (MB): peak = 1610.137 ; gain = 509.605 ; free physical = 44842 ; free virtual = 56917
Finished Renaming Generated Nets : Time (s): cpu = 00:00:18 ; elapsed = 00:00:58 . Memory (MB): peak = 1610.137 ; gain = 509.605 ; free physical = 44842 ; free virtual = 56917

Report Cell Usage: 
+------+------+------+
|      |Cell  |Count |
+------+------+------+
|1     |LUT1  |     5|
|2     |LUT2  |     9|
|3     |LUT3  |     1|
|4     |LUT4  |     6|
|5     |LUT5  |     3|
|6     |LUT6  |     1|
|7     |SRL16 |     1|
|8     |FDR   |     8|
|9     |FDRE  |    28|
|10    |FDSE  |     4|
+------+------+------+
Finished Writing Synthesis Report : Time (s): cpu = 00:00:18 ; elapsed = 00:00:58 . Memory (MB): peak = 1610.137 ; gain = 509.605 ; free physical = 44842 ; free virtual = 56917
synth_design: Time (s): cpu = 00:00:19 ; elapsed = 00:00:59 . Memory (MB): peak = 1610.137 ; gain = 522.191 ; free physical = 44858 ; free virtual = 56933
