Unable to capture context for thread 16260 in process 20392, can not generate back trace
Exception at PC 0x00007FF98BE3BB93
Printing stacktrace...

[0]  [0x00007FF98BE3BB93]
[1]  [0x00007FF98BE3BB93]
[2]  [0x00007FF98BE3B4A1]
[3]  [0x00007FF98BE3B3EF]
[4]  [0x00007FF98BE219FE]
[5]  [0x00007FF98BE20ED1]
[6]  [0x00007FF98BE20D76]
[7]  [0x00007FF98BDC79F6]
[8]  [0x00007FF98BDB7AFB]
[9]  [0x00007FF98BEDE90A]
[10]  [0x00007FF98BEF9F87]
[11]  [0x00007FF98BEFA05F]
[12] (BaseThreadInitThunk+0x14) [0x00007FFA1B9B4034]
[13] (RtlUserThreadStart+0x21) [0x00007FFA1DAD3691]
Done
Exception at PC 0x00007FF98BB41A52
Attemped to write at address 0x00007FF9F161ABA4
Printing stacktrace...

[0]  [0x00007FF98BB41A52]
[1]  [0x00007FF98BB41A52]
[2]  [0x00007FF98BB41AD4]
[3]  [0x00007FF98BC83FF7]
[4]  [0x00007FF98BB69128]
[5]  [0x00007FF98BE1DFB9]
[6]  [0x00007FF98BFEEF23]
[7]  [0x00007FF98BEFB06B]
[8]  [0x00007FF98BEF08AF]
[9]  [0x00007FF98BEF0A32]
[10] (RtlActivateActivationContextUnsafeFast+0x123) [0x00007FFA1DA9B583]
[11] (LdrShutdownProcess+0x125) [0x00007FFA1DAA7F85]
[12] (RtlExitUserProcess+0xd8) [0x00007FFA1DAA7E48]
[13] (FatalExit+0xa) [0x00007FFA1B9BCA7A]
[14] (exit+0x75) [0x00007FFA1BCF9CE5]
[15] (initterm_e+0x235) [0x00007FFA1BCFA345]
[16]  [0x00000000004014CD]
[17]  [0x000000000040151B]
[18] (BaseThreadInitThunk+0x14) [0x00007FFA1B9B4034]
[19] (RtlUserThreadStart+0x21) [0x00007FFA1DAD3691]
Done
